#
# There is insufficient memory for the Java Runtime Environment to continue.
# Native memory allocation (malloc) failed to allocate 881456 bytes for Chunk::new
# Possible reasons:
#   The system is out of physical RAM or swap space
#   The process is running with CompressedOops enabled, and the Java Heap may be blocking the growth of the native heap
# Possible solutions:
#   Reduce memory load on the system
#   Increase physical memory or swap space
#   Check if swap backing store is full
#   Decrease Java heap size (-Xmx/-Xms)
#   Decrease number of Java threads
#   Decrease Java thread stack sizes (-Xss)
#   Set larger code cache with -XX:ReservedCodeCacheSize=
#   JVM is running with Unscaled Compressed Oops mode in which the Java heap is
#     placed in the first 4GB address space. The Java Heap base address is the
#     maximum limit for the native heap growth. Please use -XX:HeapBaseMinAddress
#     to set the Java Heap base and to place the Java Heap above 4GB virtual address.
# This output file may be truncated or incomplete.
#
#  Out of Memory Error (arena.cpp:191), pid=22244, tid=5528
#
# JRE version: OpenJDK Runtime Environment Temurin-17.0.10+7 (17.0.10+7) (build 17.0.10+7)
# Java VM: OpenJDK 64-Bit Server VM Temurin-17.0.10+7 (17.0.10+7, mixed mode, tiered, compressed oops, compressed class ptrs, g1 gc, windows-amd64)
# No core dump will be written. Minidumps are not enabled by default on client versions of Windows
#

---------------  S U M M A R Y ------------

Command Line: -Dmaven.home=EMBEDDED -Dclassworlds.conf=C:\Users\rahul\Java Learning\eclipse-workspace\.metadata\.plugins\org.eclipse.m2e.launching\launches\m2conf7702159178417013902.tmp -Dmaven.multiModuleProjectDirectory=C:\Users\rahul\Global_Sumi\JavaCodeBase\Internal.Project -Dm2e.build.project.data.socket.port=51725 -Dfile.encoding=UTF-8 -Dstdout.encoding=UTF-8 -Dstderr.encoding=UTF-8 -XX:+ShowCodeDetailsInExceptionMessages org.codehaus.plexus.classworlds.launcher.Launcher -B -Dstyle.color=always clean package

Host: AMD Ryzen 5 3500U with Radeon Vega Mobile Gfx  , 8 cores, 5G,  Windows 11 , 64 bit Build 22621 (10.0.22621.3672)
Time: Tue Jul 30 15:48:34 2024 Eastern Daylight Time elapsed time: 27.758121 seconds (0d 0h 0m 27s)

---------------  T H R E A D  ---------------

Current thread (0x000001cd263eeb90):  JavaThread "C2 CompilerThread0" daemon [_thread_in_native, id=5528, stack(0x000000c409f00000,0x000000c40a000000)]


Current CompileTask:
C2:  27758 7282  s!   4       jdk.internal.loader.URLClassPath::getLoader (194 bytes)

Stack: [0x000000c409f00000,0x000000c40a000000]
Native frames: (J=compiled Java code, j=interpreted, Vv=VM code, C=native code)
V  [jvm.dll+0x67d2c9]
V  [jvm.dll+0x834afa]
V  [jvm.dll+0x8365be]
V  [jvm.dll+0x836c23]
V  [jvm.dll+0x2477ff]
V  [jvm.dll+0xac514]
V  [jvm.dll+0xacb5c]
V  [jvm.dll+0x366782]
V  [jvm.dll+0x1bcd86]
V  [jvm.dll+0x21a049]
V  [jvm.dll+0x219311]
V  [jvm.dll+0x1a502d]
V  [jvm.dll+0x2290de]
V  [jvm.dll+0x2272ac]
V  [jvm.dll+0x7e9bb7]
V  [jvm.dll+0x7e3fba]
V  [jvm.dll+0x67c1b5]
C  [ucrtbase.dll+0x29333]
C  [KERNEL32.DLL+0x1257d]
C  [ntdll.dll+0x5af28]


---------------  P R O C E S S  ---------------

Threads class SMR info:
_java_thread_list=0x000001cd2bdc0610, length=12, elements={
0x000001cd0d68cb60, 0x000001cd26378650, 0x000001cd26379660, 0x000001cd26391260,
0x000001cd26391b30, 0x000001cd26392e20, 0x000001cd26395700, 0x000001cd263eeb90,
0x000001cd263f1560, 0x000001cd26402630, 0x000001cd2654fc70, 0x000001cd26566f30
}

Java Threads: ( => current thread )
  0x000001cd0d68cb60 JavaThread "main" [_thread_in_native, id=22552, stack(0x000000c409200000,0x000000c409300000)]
  0x000001cd26378650 JavaThread "Reference Handler" daemon [_thread_blocked, id=14880, stack(0x000000c409900000,0x000000c409a00000)]
  0x000001cd26379660 JavaThread "Finalizer" daemon [_thread_blocked, id=6136, stack(0x000000c409a00000,0x000000c409b00000)]
  0x000001cd26391260 JavaThread "Signal Dispatcher" daemon [_thread_blocked, id=1868, stack(0x000000c409b00000,0x000000c409c00000)]
  0x000001cd26391b30 JavaThread "Attach Listener" daemon [_thread_blocked, id=25264, stack(0x000000c409c00000,0x000000c409d00000)]
  0x000001cd26392e20 JavaThread "Service Thread" daemon [_thread_blocked, id=24996, stack(0x000000c409d00000,0x000000c409e00000)]
  0x000001cd26395700 JavaThread "Monitor Deflation Thread" daemon [_thread_blocked, id=20304, stack(0x000000c409e00000,0x000000c409f00000)]
=>0x000001cd263eeb90 JavaThread "C2 CompilerThread0" daemon [_thread_in_native, id=5528, stack(0x000000c409f00000,0x000000c40a000000)]
  0x000001cd263f1560 JavaThread "C1 CompilerThread0" daemon [_thread_blocked, id=5024, stack(0x000000c40a000000,0x000000c40a100000)]
  0x000001cd26402630 JavaThread "Sweeper thread" daemon [_thread_blocked, id=25516, stack(0x000000c40a100000,0x000000c40a200000)]
  0x000001cd2654fc70 JavaThread "Notification Thread" daemon [_thread_blocked, id=7824, stack(0x000000c40a200000,0x000000c40a300000)]
  0x000001cd26566f30 JavaThread "Common-Cleaner" daemon [_thread_blocked, id=20832, stack(0x000000c40a400000,0x000000c40a500000)]

Other Threads:
  0x000001cd263b3600 VMThread "VM Thread" [stack: 0x000000c409800000,0x000000c409900000] [id=15808]
  0x000001cd26552980 WatcherThread [stack: 0x000000c40a300000,0x000000c40a400000] [id=15628]
  0x000001cd0d6db2a0 GCTaskThread "GC Thread#0" [stack: 0x000000c409300000,0x000000c409400000] [id=19844]
  0x000001cd26661c30 GCTaskThread "GC Thread#1" [stack: 0x000000c40a700000,0x000000c40a800000] [id=16756]
  0x000001cd2be61ca0 GCTaskThread "GC Thread#2" [stack: 0x000000c40a800000,0x000000c40a900000] [id=16192]
  0x000001cd2b94ede0 GCTaskThread "GC Thread#3" [stack: 0x000000c40a900000,0x000000c40aa00000] [id=19360]
  0x000001cd2bbde090 GCTaskThread "GC Thread#4" [stack: 0x000000c40aa00000,0x000000c40ab00000] [id=6472]
  0x000001cd2bc2cc80 GCTaskThread "GC Thread#5" [stack: 0x000000c40ab00000,0x000000c40ac00000] [id=18920]
  0x000001cd2b7e53d0 GCTaskThread "GC Thread#6" [stack: 0x000000c40ac00000,0x000000c40ad00000] [id=25552]
  0x000001cd2b7e5690 GCTaskThread "GC Thread#7" [stack: 0x000000c40ad00000,0x000000c40ae00000] [id=13020]
  0x000001cd0d6e8720 ConcurrentGCThread "G1 Main Marker" [stack: 0x000000c409400000,0x000000c409500000] [id=23548]
  0x000001cd0d6e9050 ConcurrentGCThread "G1 Conc#0" [stack: 0x000000c409500000,0x000000c409600000] [id=22700]
  0x000001cd2be33220 ConcurrentGCThread "G1 Conc#1" [stack: 0x000000c40ae00000,0x000000c40af00000] [id=21056]
  0x000001cd0d73e9f0 ConcurrentGCThread "G1 Refine#0" [stack: 0x000000c409600000,0x000000c409700000] [id=17320]
  0x000001cd2bef74b0 ConcurrentGCThread "G1 Refine#1" [stack: 0x000000c40a600000,0x000000c40a700000] [id=21976]
  0x000001cd2bef6be0 ConcurrentGCThread "G1 Refine#2" [stack: 0x000000c40a500000,0x000000c40a600000] [id=19556]
  0x000001cd261e2500 ConcurrentGCThread "G1 Service" [stack: 0x000000c409700000,0x000000c409800000] [id=3608]

Threads with active compile tasks:
C2 CompilerThread0    27859 7282  s!   4       jdk.internal.loader.URLClassPath::getLoader (194 bytes)

VM state: not at safepoint (normal execution)

VM Mutex/Monitor currently owned by a thread: None

Heap address: 0x00000000a0c00000, size: 1524 MB, Compressed Oops mode: 32-bit

CDS archive(s) not mapped
Compressed class space mapped at: 0x0000000100000000-0x0000000140000000, reserved size: 1073741824
Narrow klass base: 0x0000000000000000, Narrow klass shift: 3, Narrow klass range: 0x140000000

GC Precious Log:
 CPUs: 8 total, 8 available
 Memory: 6091M
 Large Page Support: Disabled
 NUMA Support: Disabled
 Compressed Oops: Enabled (32-bit)
 Heap Region Size: 1M
 Heap Min Capacity: 8M
 Heap Initial Capacity: 96M
 Heap Max Capacity: 1524M
 Pre-touch: Disabled
 Parallel Workers: 8
 Concurrent Workers: 2
 Concurrent Refinement Workers: 8
 Periodic GC: Disabled

Heap:
 garbage-first heap   total 193536K, used 91337K [0x00000000a0c00000, 0x0000000100000000)
  region size 1024K, 39 young (39936K), 1 survivors (1024K)
 Metaspace       used 39098K, committed 39424K, reserved 1114112K
  class space    used 4214K, committed 4352K, reserved 1048576K

Heap Regions: E=young(eden), S=young(survivor), O=old, HS=humongous(starts), HC=humongous(continues), CS=collection set, F=free, OA=open archive, CA=closed archive, TAMS=top-at-mark-start (previous, next)
|   0|0x00000000a0c00000, 0x00000000a0d00000, 0x00000000a0d00000|100%| O|  |TAMS 0x00000000a0d00000, 0x00000000a0c00000| Untracked 
|   1|0x00000000a0d00000, 0x00000000a0e00000, 0x00000000a0e00000|100%| O|  |TAMS 0x00000000a0e00000, 0x00000000a0d00000| Untracked 
|   2|0x00000000a0e00000, 0x00000000a0f00000, 0x00000000a0f00000|100%| O|  |TAMS 0x00000000a0f00000, 0x00000000a0e00000| Untracked 
|   3|0x00000000a0f00000, 0x00000000a1000000, 0x00000000a1000000|100%| O|  |TAMS 0x00000000a1000000, 0x00000000a0f00000| Untracked 
|   4|0x00000000a1000000, 0x00000000a1100000, 0x00000000a1100000|100%| O|  |TAMS 0x00000000a1100000, 0x00000000a1000000| Untracked 
|   5|0x00000000a1100000, 0x00000000a1200000, 0x00000000a1200000|100%| O|  |TAMS 0x00000000a1200000, 0x00000000a1100000| Untracked 
|   6|0x00000000a1200000, 0x00000000a1300000, 0x00000000a1300000|100%| O|  |TAMS 0x00000000a1300000, 0x00000000a1200000| Untracked 
|   7|0x00000000a1300000, 0x00000000a1400000, 0x00000000a1400000|100%| O|  |TAMS 0x00000000a1400000, 0x00000000a1300000| Untracked 
|   8|0x00000000a1400000, 0x00000000a1500000, 0x00000000a1500000|100%| O|  |TAMS 0x00000000a1500000, 0x00000000a1400000| Untracked 
|   9|0x00000000a1500000, 0x00000000a1600000, 0x00000000a1600000|100%| O|  |TAMS 0x00000000a1600000, 0x00000000a1500000| Untracked 
|  10|0x00000000a1600000, 0x00000000a1700000, 0x00000000a1700000|100%| O|  |TAMS 0x00000000a1700000, 0x00000000a1600000| Untracked 
|  11|0x00000000a1700000, 0x00000000a1800000, 0x00000000a1800000|100%| O|  |TAMS 0x00000000a1800000, 0x00000000a1700000| Untracked 
|  12|0x00000000a1800000, 0x00000000a1900000, 0x00000000a1900000|100%| O|  |TAMS 0x00000000a1900000, 0x00000000a1800000| Untracked 
|  13|0x00000000a1900000, 0x00000000a1a00000, 0x00000000a1a00000|100%| O|  |TAMS 0x00000000a1a00000, 0x00000000a1900000| Untracked 
|  14|0x00000000a1a00000, 0x00000000a1b00000, 0x00000000a1b00000|100%| O|  |TAMS 0x00000000a1b00000, 0x00000000a1a00000| Untracked 
|  15|0x00000000a1b00000, 0x00000000a1b00000, 0x00000000a1c00000|  0%| F|  |TAMS 0x00000000a1b00000, 0x00000000a1b00000| Untracked 
|  16|0x00000000a1c00000, 0x00000000a1d00000, 0x00000000a1d00000|100%| O|  |TAMS 0x00000000a1c00000, 0x00000000a1c00000| Untracked 
|  17|0x00000000a1d00000, 0x00000000a1e00000, 0x00000000a1e00000|100%| O|  |TAMS 0x00000000a1d33c00, 0x00000000a1d00000| Untracked 
|  18|0x00000000a1e00000, 0x00000000a1f00000, 0x00000000a1f00000|100%| O|  |TAMS 0x00000000a1e00000, 0x00000000a1e00000| Untracked 
|  19|0x00000000a1f00000, 0x00000000a2000000, 0x00000000a2000000|100%| O|  |TAMS 0x00000000a2000000, 0x00000000a1f00000| Untracked 
|  20|0x00000000a2000000, 0x00000000a2100000, 0x00000000a2100000|100%| O|  |TAMS 0x00000000a2000000, 0x00000000a2000000| Untracked 
|  21|0x00000000a2100000, 0x00000000a2200000, 0x00000000a2200000|100%| O|  |TAMS 0x00000000a2200000, 0x00000000a2100000| Untracked 
|  22|0x00000000a2200000, 0x00000000a2300000, 0x00000000a2300000|100%| O|  |TAMS 0x00000000a2300000, 0x00000000a2200000| Untracked 
|  23|0x00000000a2300000, 0x00000000a2400000, 0x00000000a2400000|100%| O|  |TAMS 0x00000000a2300000, 0x00000000a2300000| Untracked 
|  24|0x00000000a2400000, 0x00000000a2500000, 0x00000000a2500000|100%| O|  |TAMS 0x00000000a2400000, 0x00000000a2400000| Untracked 
|  25|0x00000000a2500000, 0x00000000a2600000, 0x00000000a2600000|100%| O|  |TAMS 0x00000000a2500000, 0x00000000a2500000| Untracked 
|  26|0x00000000a2600000, 0x00000000a2700000, 0x00000000a2700000|100%| O|  |TAMS 0x00000000a2700000, 0x00000000a2600000| Untracked 
|  27|0x00000000a2700000, 0x00000000a2800000, 0x00000000a2800000|100%| O|  |TAMS 0x00000000a2700000, 0x00000000a2700000| Untracked 
|  28|0x00000000a2800000, 0x00000000a2900000, 0x00000000a2900000|100%| O|  |TAMS 0x00000000a2900000, 0x00000000a2800000| Untracked 
|  29|0x00000000a2900000, 0x00000000a2900000, 0x00000000a2a00000|  0%| F|  |TAMS 0x00000000a2900000, 0x00000000a2900000| Untracked 
|  30|0x00000000a2a00000, 0x00000000a2a00000, 0x00000000a2b00000|  0%| F|  |TAMS 0x00000000a2a00000, 0x00000000a2a00000| Untracked 
|  31|0x00000000a2b00000, 0x00000000a2b00000, 0x00000000a2c00000|  0%| F|  |TAMS 0x00000000a2b00000, 0x00000000a2b00000| Untracked 
|  32|0x00000000a2c00000, 0x00000000a2c00000, 0x00000000a2d00000|  0%| F|  |TAMS 0x00000000a2c00000, 0x00000000a2c00000| Untracked 
|  33|0x00000000a2d00000, 0x00000000a2e00000, 0x00000000a2e00000|100%| O|  |TAMS 0x00000000a2d00000, 0x00000000a2d00000| Untracked 
|  34|0x00000000a2e00000, 0x00000000a2e00000, 0x00000000a2f00000|  0%| F|  |TAMS 0x00000000a2e00000, 0x00000000a2e00000| Untracked 
|  35|0x00000000a2f00000, 0x00000000a3000000, 0x00000000a3000000|100%| O|  |TAMS 0x00000000a2f00000, 0x00000000a2f00000| Untracked 
|  36|0x00000000a3000000, 0x00000000a3100000, 0x00000000a3100000|100%| O|  |TAMS 0x00000000a3000000, 0x00000000a3000000| Untracked 
|  37|0x00000000a3100000, 0x00000000a3200000, 0x00000000a3200000|100%| O|  |TAMS 0x00000000a3100000, 0x00000000a3100000| Untracked 
|  38|0x00000000a3200000, 0x00000000a3300000, 0x00000000a3300000|100%| O|  |TAMS 0x00000000a3200000, 0x00000000a3200000| Untracked 
|  39|0x00000000a3300000, 0x00000000a3388600, 0x00000000a3400000| 53%| O|  |TAMS 0x00000000a3300000, 0x00000000a3300000| Untracked 
|  40|0x00000000a3400000, 0x00000000a3400000, 0x00000000a3500000|  0%| F|  |TAMS 0x00000000a3400000, 0x00000000a3400000| Untracked 
|  41|0x00000000a3500000, 0x00000000a3500000, 0x00000000a3600000|  0%| F|  |TAMS 0x00000000a3500000, 0x00000000a3500000| Untracked 
|  42|0x00000000a3600000, 0x00000000a3600000, 0x00000000a3700000|  0%| F|  |TAMS 0x00000000a3600000, 0x00000000a3600000| Untracked 
|  43|0x00000000a3700000, 0x00000000a3700000, 0x00000000a3800000|  0%| F|  |TAMS 0x00000000a3700000, 0x00000000a3700000| Untracked 
|  44|0x00000000a3800000, 0x00000000a3800000, 0x00000000a3900000|  0%| F|  |TAMS 0x00000000a3800000, 0x00000000a3800000| Untracked 
|  45|0x00000000a3900000, 0x00000000a3900000, 0x00000000a3a00000|  0%| F|  |TAMS 0x00000000a3900000, 0x00000000a3900000| Untracked 
|  46|0x00000000a3a00000, 0x00000000a3b00000, 0x00000000a3b00000|100%|HS|  |TAMS 0x00000000a3b00000, 0x00000000a3a00000| Complete 
|  47|0x00000000a3b00000, 0x00000000a3c00000, 0x00000000a3c00000|100%|HC|  |TAMS 0x00000000a3c00000, 0x00000000a3b00000| Complete 
|  48|0x00000000a3c00000, 0x00000000a3d00000, 0x00000000a3d00000|100%|HS|  |TAMS 0x00000000a3d00000, 0x00000000a3c00000| Complete 
|  49|0x00000000a3d00000, 0x00000000a3e00000, 0x00000000a3e00000|100%|HS|  |TAMS 0x00000000a3e00000, 0x00000000a3d00000| Complete 
|  50|0x00000000a3e00000, 0x00000000a3f00000, 0x00000000a3f00000|100%| O|  |TAMS 0x00000000a3f00000, 0x00000000a3e00000| Untracked 
|  51|0x00000000a3f00000, 0x00000000a4000000, 0x00000000a4000000|100%| O|  |TAMS 0x00000000a4000000, 0x00000000a3f00000| Untracked 
|  52|0x00000000a4000000, 0x00000000a4100000, 0x00000000a4100000|100%| O|  |TAMS 0x00000000a4100000, 0x00000000a4000000| Untracked 
|  53|0x00000000a4100000, 0x00000000a4200000, 0x00000000a4200000|100%| O|  |TAMS 0x00000000a4200000, 0x00000000a4100000| Untracked 
|  54|0x00000000a4200000, 0x00000000a4300000, 0x00000000a4300000|100%| O|  |TAMS 0x00000000a4300000, 0x00000000a4200000| Untracked 
|  55|0x00000000a4300000, 0x00000000a4400000, 0x00000000a4400000|100%| O|  |TAMS 0x00000000a4400000, 0x00000000a4300000| Untracked 
|  56|0x00000000a4400000, 0x00000000a4500000, 0x00000000a4500000|100%| O|  |TAMS 0x00000000a4500000, 0x00000000a4400000| Untracked 
|  57|0x00000000a4500000, 0x00000000a4600000, 0x00000000a4600000|100%| O|  |TAMS 0x00000000a4600000, 0x00000000a4500000| Untracked 
|  58|0x00000000a4600000, 0x00000000a4700000, 0x00000000a4700000|100%| O|  |TAMS 0x00000000a4700000, 0x00000000a4600000| Untracked 
|  59|0x00000000a4700000, 0x00000000a4800000, 0x00000000a4800000|100%| O|  |TAMS 0x00000000a4800000, 0x00000000a4700000| Untracked 
|  60|0x00000000a4800000, 0x00000000a4900000, 0x00000000a4900000|100%| O|  |TAMS 0x00000000a4900000, 0x00000000a4800000| Untracked 
|  61|0x00000000a4900000, 0x00000000a4a00000, 0x00000000a4a00000|100%| O|  |TAMS 0x00000000a4a00000, 0x00000000a4900000| Untracked 
|  62|0x00000000a4a00000, 0x00000000a4b00000, 0x00000000a4b00000|100%| O|  |TAMS 0x00000000a4b00000, 0x00000000a4a00000| Untracked 
|  63|0x00000000a4b00000, 0x00000000a4c00000, 0x00000000a4c00000|100%| O|  |TAMS 0x00000000a4c00000, 0x00000000a4b00000| Untracked 
|  64|0x00000000a4c00000, 0x00000000a4c00000, 0x00000000a4d00000|  0%| F|  |TAMS 0x00000000a4c00000, 0x00000000a4c00000| Untracked 
|  65|0x00000000a4d00000, 0x00000000a4d00000, 0x00000000a4e00000|  0%| F|  |TAMS 0x00000000a4d00000, 0x00000000a4d00000| Untracked 
|  66|0x00000000a4e00000, 0x00000000a4e00000, 0x00000000a4f00000|  0%| F|  |TAMS 0x00000000a4e00000, 0x00000000a4e00000| Untracked 
|  67|0x00000000a4f00000, 0x00000000a4f00000, 0x00000000a5000000|  0%| F|  |TAMS 0x00000000a4f00000, 0x00000000a4f00000| Untracked 
|  68|0x00000000a5000000, 0x00000000a5000000, 0x00000000a5100000|  0%| F|  |TAMS 0x00000000a5000000, 0x00000000a5000000| Untracked 
|  69|0x00000000a5100000, 0x00000000a5100000, 0x00000000a5200000|  0%| F|  |TAMS 0x00000000a5100000, 0x00000000a5100000| Untracked 
|  70|0x00000000a5200000, 0x00000000a5200000, 0x00000000a5300000|  0%| F|  |TAMS 0x00000000a5200000, 0x00000000a5200000| Untracked 
|  71|0x00000000a5300000, 0x00000000a5300000, 0x00000000a5400000|  0%| F|  |TAMS 0x00000000a5300000, 0x00000000a5300000| Untracked 
|  72|0x00000000a5400000, 0x00000000a5400000, 0x00000000a5500000|  0%| F|  |TAMS 0x00000000a5400000, 0x00000000a5400000| Untracked 
|  73|0x00000000a5500000, 0x00000000a5500000, 0x00000000a5600000|  0%| F|  |TAMS 0x00000000a5500000, 0x00000000a5500000| Untracked 
|  74|0x00000000a5600000, 0x00000000a5600000, 0x00000000a5700000|  0%| F|  |TAMS 0x00000000a5600000, 0x00000000a5600000| Untracked 
|  75|0x00000000a5700000, 0x00000000a5700000, 0x00000000a5800000|  0%| F|  |TAMS 0x00000000a5700000, 0x00000000a5700000| Untracked 
|  76|0x00000000a5800000, 0x00000000a5800000, 0x00000000a5900000|  0%| F|  |TAMS 0x00000000a5800000, 0x00000000a5800000| Untracked 
|  77|0x00000000a5900000, 0x00000000a5900000, 0x00000000a5a00000|  0%| F|  |TAMS 0x00000000a5900000, 0x00000000a5900000| Untracked 
|  78|0x00000000a5a00000, 0x00000000a5a00000, 0x00000000a5b00000|  0%| F|  |TAMS 0x00000000a5a00000, 0x00000000a5a00000| Untracked 
|  79|0x00000000a5b00000, 0x00000000a5b00000, 0x00000000a5c00000|  0%| F|  |TAMS 0x00000000a5b00000, 0x00000000a5b00000| Untracked 
|  80|0x00000000a5c00000, 0x00000000a5c00000, 0x00000000a5d00000|  0%| F|  |TAMS 0x00000000a5c00000, 0x00000000a5c00000| Untracked 
|  81|0x00000000a5d00000, 0x00000000a5d00000, 0x00000000a5e00000|  0%| F|  |TAMS 0x00000000a5d00000, 0x00000000a5d00000| Untracked 
|  82|0x00000000a5e00000, 0x00000000a5e00000, 0x00000000a5f00000|  0%| F|  |TAMS 0x00000000a5e00000, 0x00000000a5e00000| Untracked 
|  83|0x00000000a5f00000, 0x00000000a5f00000, 0x00000000a6000000|  0%| F|  |TAMS 0x00000000a5f00000, 0x00000000a5f00000| Untracked 
|  84|0x00000000a6000000, 0x00000000a6000000, 0x00000000a6100000|  0%| F|  |TAMS 0x00000000a6000000, 0x00000000a6000000| Untracked 
|  85|0x00000000a6100000, 0x00000000a6100000, 0x00000000a6200000|  0%| F|  |TAMS 0x00000000a6100000, 0x00000000a6100000| Untracked 
|  86|0x00000000a6200000, 0x00000000a6200000, 0x00000000a6300000|  0%| F|  |TAMS 0x00000000a6200000, 0x00000000a6200000| Untracked 
|  87|0x00000000a6300000, 0x00000000a6300000, 0x00000000a6400000|  0%| F|  |TAMS 0x00000000a6300000, 0x00000000a6300000| Untracked 
|  88|0x00000000a6400000, 0x00000000a6400000, 0x00000000a6500000|  0%| F|  |TAMS 0x00000000a6400000, 0x00000000a6400000| Untracked 
|  89|0x00000000a6500000, 0x00000000a6500000, 0x00000000a6600000|  0%| F|  |TAMS 0x00000000a6500000, 0x00000000a6500000| Untracked 
|  90|0x00000000a6600000, 0x00000000a6600000, 0x00000000a6700000|  0%| F|  |TAMS 0x00000000a6600000, 0x00000000a6600000| Untracked 
|  91|0x00000000a6700000, 0x00000000a6700000, 0x00000000a6800000|  0%| F|  |TAMS 0x00000000a6700000, 0x00000000a6700000| Untracked 
|  92|0x00000000a6800000, 0x00000000a6800000, 0x00000000a6900000|  0%| F|  |TAMS 0x00000000a6800000, 0x00000000a6800000| Untracked 
|  93|0x00000000a6900000, 0x00000000a6900000, 0x00000000a6a00000|  0%| F|  |TAMS 0x00000000a6900000, 0x00000000a6900000| Untracked 
|  94|0x00000000a6a00000, 0x00000000a6a00000, 0x00000000a6b00000|  0%| F|  |TAMS 0x00000000a6a00000, 0x00000000a6a00000| Untracked 
|  95|0x00000000a6b00000, 0x00000000a6b00000, 0x00000000a6c00000|  0%| F|  |TAMS 0x00000000a6b00000, 0x00000000a6b00000| Untracked 
|  96|0x00000000a6c00000, 0x00000000a6c00000, 0x00000000a6d00000|  0%| F|  |TAMS 0x00000000a6c00000, 0x00000000a6c00000| Untracked 
|  97|0x00000000a6d00000, 0x00000000a6d00000, 0x00000000a6e00000|  0%| F|  |TAMS 0x00000000a6d00000, 0x00000000a6d00000| Untracked 
|  98|0x00000000a6e00000, 0x00000000a6e00000, 0x00000000a6f00000|  0%| F|  |TAMS 0x00000000a6e00000, 0x00000000a6e00000| Untracked 
|  99|0x00000000a6f00000, 0x00000000a6fa9f98, 0x00000000a7000000| 66%| S|CS|TAMS 0x00000000a6f00000, 0x00000000a6f00000| Complete 
| 100|0x00000000a7000000, 0x00000000a7000000, 0x00000000a7100000|  0%| F|  |TAMS 0x00000000a7000000, 0x00000000a7000000| Untracked 
| 101|0x00000000a7100000, 0x00000000a7100000, 0x00000000a7200000|  0%| F|  |TAMS 0x00000000a7100000, 0x00000000a7100000| Untracked 
| 102|0x00000000a7200000, 0x00000000a7200000, 0x00000000a7300000|  0%| F|  |TAMS 0x00000000a7200000, 0x00000000a7200000| Untracked 
| 103|0x00000000a7300000, 0x00000000a7300000, 0x00000000a7400000|  0%| F|  |TAMS 0x00000000a7300000, 0x00000000a7300000| Untracked 
| 104|0x00000000a7400000, 0x00000000a7400000, 0x00000000a7500000|  0%| F|  |TAMS 0x00000000a7400000, 0x00000000a7400000| Untracked 
| 105|0x00000000a7500000, 0x00000000a7500000, 0x00000000a7600000|  0%| F|  |TAMS 0x00000000a7500000, 0x00000000a7500000| Untracked 
| 106|0x00000000a7600000, 0x00000000a7600000, 0x00000000a7700000|  0%| F|  |TAMS 0x00000000a7600000, 0x00000000a7600000| Untracked 
| 107|0x00000000a7700000, 0x00000000a7700000, 0x00000000a7800000|  0%| F|  |TAMS 0x00000000a7700000, 0x00000000a7700000| Untracked 
| 108|0x00000000a7800000, 0x00000000a7800000, 0x00000000a7900000|  0%| F|  |TAMS 0x00000000a7800000, 0x00000000a7800000| Untracked 
| 109|0x00000000a7900000, 0x00000000a7900000, 0x00000000a7a00000|  0%| F|  |TAMS 0x00000000a7900000, 0x00000000a7900000| Untracked 
| 110|0x00000000a7a00000, 0x00000000a7a00000, 0x00000000a7b00000|  0%| F|  |TAMS 0x00000000a7a00000, 0x00000000a7a00000| Untracked 
| 111|0x00000000a7b00000, 0x00000000a7b00000, 0x00000000a7c00000|  0%| F|  |TAMS 0x00000000a7b00000, 0x00000000a7b00000| Untracked 
| 112|0x00000000a7c00000, 0x00000000a7c00000, 0x00000000a7d00000|  0%| F|  |TAMS 0x00000000a7c00000, 0x00000000a7c00000| Untracked 
| 113|0x00000000a7d00000, 0x00000000a7d00000, 0x00000000a7e00000|  0%| F|  |TAMS 0x00000000a7d00000, 0x00000000a7d00000| Untracked 
| 114|0x00000000a7e00000, 0x00000000a7e00000, 0x00000000a7f00000|  0%| F|  |TAMS 0x00000000a7e00000, 0x00000000a7e00000| Untracked 
| 115|0x00000000a7f00000, 0x00000000a7f00000, 0x00000000a8000000|  0%| F|  |TAMS 0x00000000a7f00000, 0x00000000a7f00000| Untracked 
| 116|0x00000000a8000000, 0x00000000a8000000, 0x00000000a8100000|  0%| F|  |TAMS 0x00000000a8000000, 0x00000000a8000000| Untracked 
| 117|0x00000000a8100000, 0x00000000a8100000, 0x00000000a8200000|  0%| F|  |TAMS 0x00000000a8100000, 0x00000000a8100000| Untracked 
| 118|0x00000000a8200000, 0x00000000a8200000, 0x00000000a8300000|  0%| F|  |TAMS 0x00000000a8200000, 0x00000000a8200000| Untracked 
| 119|0x00000000a8300000, 0x00000000a8300000, 0x00000000a8400000|  0%| F|  |TAMS 0x00000000a8300000, 0x00000000a8300000| Untracked 
| 120|0x00000000a8400000, 0x00000000a8400000, 0x00000000a8500000|  0%| F|  |TAMS 0x00000000a8400000, 0x00000000a8400000| Untracked 
| 121|0x00000000a8500000, 0x00000000a8500000, 0x00000000a8600000|  0%| F|  |TAMS 0x00000000a8500000, 0x00000000a8500000| Untracked 
| 122|0x00000000a8600000, 0x00000000a8600000, 0x00000000a8700000|  0%| F|  |TAMS 0x00000000a8600000, 0x00000000a8600000| Untracked 
| 123|0x00000000a8700000, 0x00000000a8700000, 0x00000000a8800000|  0%| F|  |TAMS 0x00000000a8700000, 0x00000000a8700000| Untracked 
| 124|0x00000000a8800000, 0x00000000a8800000, 0x00000000a8900000|  0%| F|  |TAMS 0x00000000a8800000, 0x00000000a8800000| Untracked 
| 125|0x00000000a8900000, 0x00000000a8900000, 0x00000000a8a00000|  0%| F|  |TAMS 0x00000000a8900000, 0x00000000a8900000| Untracked 
| 126|0x00000000a8a00000, 0x00000000a8a00000, 0x00000000a8b00000|  0%| F|  |TAMS 0x00000000a8a00000, 0x00000000a8a00000| Untracked 
| 127|0x00000000a8b00000, 0x00000000a8b00000, 0x00000000a8c00000|  0%| F|  |TAMS 0x00000000a8b00000, 0x00000000a8b00000| Untracked 
| 128|0x00000000a8c00000, 0x00000000a8c00000, 0x00000000a8d00000|  0%| F|  |TAMS 0x00000000a8c00000, 0x00000000a8c00000| Untracked 
| 129|0x00000000a8d00000, 0x00000000a8d00000, 0x00000000a8e00000|  0%| F|  |TAMS 0x00000000a8d00000, 0x00000000a8d00000| Untracked 
| 130|0x00000000a8e00000, 0x00000000a8e00000, 0x00000000a8f00000|  0%| F|  |TAMS 0x00000000a8e00000, 0x00000000a8e00000| Untracked 
| 131|0x00000000a8f00000, 0x00000000a8f00000, 0x00000000a9000000|  0%| F|  |TAMS 0x00000000a8f00000, 0x00000000a8f00000| Untracked 
| 132|0x00000000a9000000, 0x00000000a9000000, 0x00000000a9100000|  0%| F|  |TAMS 0x00000000a9000000, 0x00000000a9000000| Untracked 
| 133|0x00000000a9100000, 0x00000000a9100000, 0x00000000a9200000|  0%| F|  |TAMS 0x00000000a9100000, 0x00000000a9100000| Untracked 
| 134|0x00000000a9200000, 0x00000000a9200000, 0x00000000a9300000|  0%| F|  |TAMS 0x00000000a9200000, 0x00000000a9200000| Untracked 
| 135|0x00000000a9300000, 0x00000000a9300000, 0x00000000a9400000|  0%| F|  |TAMS 0x00000000a9300000, 0x00000000a9300000| Untracked 
| 136|0x00000000a9400000, 0x00000000a9400000, 0x00000000a9500000|  0%| F|  |TAMS 0x00000000a9400000, 0x00000000a9400000| Untracked 
| 137|0x00000000a9500000, 0x00000000a9500000, 0x00000000a9600000|  0%| F|  |TAMS 0x00000000a9500000, 0x00000000a9500000| Untracked 
| 138|0x00000000a9600000, 0x00000000a9600000, 0x00000000a9700000|  0%| F|  |TAMS 0x00000000a9600000, 0x00000000a9600000| Untracked 
| 139|0x00000000a9700000, 0x00000000a9700000, 0x00000000a9800000|  0%| F|  |TAMS 0x00000000a9700000, 0x00000000a9700000| Untracked 
| 140|0x00000000a9800000, 0x00000000a9800000, 0x00000000a9900000|  0%| F|  |TAMS 0x00000000a9800000, 0x00000000a9800000| Untracked 
| 141|0x00000000a9900000, 0x00000000a9900000, 0x00000000a9a00000|  0%| F|  |TAMS 0x00000000a9900000, 0x00000000a9900000| Untracked 
| 142|0x00000000a9a00000, 0x00000000a9a00000, 0x00000000a9b00000|  0%| F|  |TAMS 0x00000000a9a00000, 0x00000000a9a00000| Untracked 
| 143|0x00000000a9b00000, 0x00000000a9b00000, 0x00000000a9c00000|  0%| F|  |TAMS 0x00000000a9b00000, 0x00000000a9b00000| Untracked 
| 144|0x00000000a9c00000, 0x00000000a9c00000, 0x00000000a9d00000|  0%| F|  |TAMS 0x00000000a9c00000, 0x00000000a9c00000| Untracked 
| 145|0x00000000a9d00000, 0x00000000a9d00000, 0x00000000a9e00000|  0%| F|  |TAMS 0x00000000a9d00000, 0x00000000a9d00000| Untracked 
| 146|0x00000000a9e00000, 0x00000000a9e00000, 0x00000000a9f00000|  0%| F|  |TAMS 0x00000000a9e00000, 0x00000000a9e00000| Untracked 
| 147|0x00000000a9f00000, 0x00000000a9f00000, 0x00000000aa000000|  0%| F|  |TAMS 0x00000000a9f00000, 0x00000000a9f00000| Untracked 
| 148|0x00000000aa000000, 0x00000000aa000000, 0x00000000aa100000|  0%| F|  |TAMS 0x00000000aa000000, 0x00000000aa000000| Untracked 
| 149|0x00000000aa100000, 0x00000000aa100000, 0x00000000aa200000|  0%| F|  |TAMS 0x00000000aa100000, 0x00000000aa100000| Untracked 
| 150|0x00000000aa200000, 0x00000000aa200000, 0x00000000aa300000|  0%| F|  |TAMS 0x00000000aa200000, 0x00000000aa200000| Untracked 
| 151|0x00000000aa300000, 0x00000000aa380800, 0x00000000aa400000| 50%| E|  |TAMS 0x00000000aa300000, 0x00000000aa300000| Complete 
| 152|0x00000000aa400000, 0x00000000aa500000, 0x00000000aa500000|100%| E|CS|TAMS 0x00000000aa400000, 0x00000000aa400000| Complete 
| 153|0x00000000aa500000, 0x00000000aa600000, 0x00000000aa600000|100%| E|CS|TAMS 0x00000000aa500000, 0x00000000aa500000| Complete 
| 154|0x00000000aa600000, 0x00000000aa700000, 0x00000000aa700000|100%| E|CS|TAMS 0x00000000aa600000, 0x00000000aa600000| Complete 
| 155|0x00000000aa700000, 0x00000000aa800000, 0x00000000aa800000|100%| E|CS|TAMS 0x00000000aa700000, 0x00000000aa700000| Complete 
| 156|0x00000000aa800000, 0x00000000aa900000, 0x00000000aa900000|100%| E|CS|TAMS 0x00000000aa800000, 0x00000000aa800000| Complete 
| 157|0x00000000aa900000, 0x00000000aaa00000, 0x00000000aaa00000|100%| E|CS|TAMS 0x00000000aa900000, 0x00000000aa900000| Complete 
| 158|0x00000000aaa00000, 0x00000000aab00000, 0x00000000aab00000|100%| E|CS|TAMS 0x00000000aaa00000, 0x00000000aaa00000| Complete 
| 159|0x00000000aab00000, 0x00000000aac00000, 0x00000000aac00000|100%| E|CS|TAMS 0x00000000aab00000, 0x00000000aab00000| Complete 
| 160|0x00000000aac00000, 0x00000000aad00000, 0x00000000aad00000|100%| E|CS|TAMS 0x00000000aac00000, 0x00000000aac00000| Complete 
| 161|0x00000000aad00000, 0x00000000aae00000, 0x00000000aae00000|100%| E|CS|TAMS 0x00000000aad00000, 0x00000000aad00000| Complete 
| 162|0x00000000aae00000, 0x00000000aaf00000, 0x00000000aaf00000|100%| E|CS|TAMS 0x00000000aae00000, 0x00000000aae00000| Complete 
| 163|0x00000000aaf00000, 0x00000000ab000000, 0x00000000ab000000|100%| E|CS|TAMS 0x00000000aaf00000, 0x00000000aaf00000| Complete 
| 164|0x00000000ab000000, 0x00000000ab100000, 0x00000000ab100000|100%| E|CS|TAMS 0x00000000ab000000, 0x00000000ab000000| Complete 
| 165|0x00000000ab100000, 0x00000000ab200000, 0x00000000ab200000|100%| E|CS|TAMS 0x00000000ab100000, 0x00000000ab100000| Complete 
| 166|0x00000000ab200000, 0x00000000ab300000, 0x00000000ab300000|100%| E|CS|TAMS 0x00000000ab200000, 0x00000000ab200000| Complete 
| 167|0x00000000ab300000, 0x00000000ab400000, 0x00000000ab400000|100%| E|CS|TAMS 0x00000000ab300000, 0x00000000ab300000| Complete 
| 168|0x00000000ab400000, 0x00000000ab500000, 0x00000000ab500000|100%| E|CS|TAMS 0x00000000ab400000, 0x00000000ab400000| Complete 
| 169|0x00000000ab500000, 0x00000000ab600000, 0x00000000ab600000|100%| E|CS|TAMS 0x00000000ab500000, 0x00000000ab500000| Complete 
| 170|0x00000000ab600000, 0x00000000ab700000, 0x00000000ab700000|100%| E|CS|TAMS 0x00000000ab600000, 0x00000000ab600000| Complete 
| 171|0x00000000ab700000, 0x00000000ab800000, 0x00000000ab800000|100%| E|CS|TAMS 0x00000000ab700000, 0x00000000ab700000| Complete 
| 172|0x00000000ab800000, 0x00000000ab900000, 0x00000000ab900000|100%| E|CS|TAMS 0x00000000ab800000, 0x00000000ab800000| Complete 
| 173|0x00000000ab900000, 0x00000000aba00000, 0x00000000aba00000|100%| E|CS|TAMS 0x00000000ab900000, 0x00000000ab900000| Complete 
| 174|0x00000000aba00000, 0x00000000abb00000, 0x00000000abb00000|100%| E|CS|TAMS 0x00000000aba00000, 0x00000000aba00000| Complete 
| 175|0x00000000abb00000, 0x00000000abc00000, 0x00000000abc00000|100%| E|CS|TAMS 0x00000000abb00000, 0x00000000abb00000| Complete 
| 176|0x00000000abc00000, 0x00000000abd00000, 0x00000000abd00000|100%| E|CS|TAMS 0x00000000abc00000, 0x00000000abc00000| Complete 
| 177|0x00000000abd00000, 0x00000000abe00000, 0x00000000abe00000|100%| E|CS|TAMS 0x00000000abd00000, 0x00000000abd00000| Complete 
| 178|0x00000000abe00000, 0x00000000abf00000, 0x00000000abf00000|100%| E|CS|TAMS 0x00000000abe00000, 0x00000000abe00000| Complete 
| 179|0x00000000abf00000, 0x00000000ac000000, 0x00000000ac000000|100%| E|CS|TAMS 0x00000000abf00000, 0x00000000abf00000| Complete 
| 180|0x00000000ac000000, 0x00000000ac100000, 0x00000000ac100000|100%| E|CS|TAMS 0x00000000ac000000, 0x00000000ac000000| Complete 
| 181|0x00000000ac100000, 0x00000000ac200000, 0x00000000ac200000|100%| E|CS|TAMS 0x00000000ac100000, 0x00000000ac100000| Complete 
| 182|0x00000000ac200000, 0x00000000ac300000, 0x00000000ac300000|100%| E|CS|TAMS 0x00000000ac200000, 0x00000000ac200000| Complete 
| 183|0x00000000ac300000, 0x00000000ac400000, 0x00000000ac400000|100%| E|CS|TAMS 0x00000000ac300000, 0x00000000ac300000| Complete 
| 184|0x00000000ac400000, 0x00000000ac500000, 0x00000000ac500000|100%| E|CS|TAMS 0x00000000ac400000, 0x00000000ac400000| Complete 
| 185|0x00000000ac500000, 0x00000000ac600000, 0x00000000ac600000|100%| E|CS|TAMS 0x00000000ac500000, 0x00000000ac500000| Complete 
| 186|0x00000000ac600000, 0x00000000ac700000, 0x00000000ac700000|100%| E|CS|TAMS 0x00000000ac600000, 0x00000000ac600000| Complete 
| 187|0x00000000ac700000, 0x00000000ac800000, 0x00000000ac800000|100%| E|CS|TAMS 0x00000000ac700000, 0x00000000ac700000| Complete 
| 188|0x00000000ac800000, 0x00000000ac900000, 0x00000000ac900000|100%| E|CS|TAMS 0x00000000ac800000, 0x00000000ac800000| Complete 

Card table byte_map: [0x000001cd20380000,0x000001cd20680000] _byte_map_base: 0x000001cd1fe7a000

Marking Bits (Prev, Next): (CMBitMap*) 0x000001cd0d6db7d0, (CMBitMap*) 0x000001cd0d6db810
 Prev Bits: [0x000001cd20980000, 0x000001cd22150000)
 Next Bits: [0x000001cd22150000, 0x000001cd23920000)

Polling page: 0x000001cd0b5a0000

Metaspace:

Usage:
  Non-class:     34.07 MB used.
      Class:      4.12 MB used.
       Both:     38.18 MB used.

Virtual space:
  Non-class space:       64.00 MB reserved,      34.25 MB ( 54%) committed,  1 nodes.
      Class space:        1.00 GB reserved,       4.25 MB ( <1%) committed,  1 nodes.
             Both:        1.06 GB reserved,      38.50 MB (  4%) committed. 

Chunk freelists:
   Non-Class:  13.80 MB
       Class:  11.70 MB
        Both:  25.50 MB

MaxMetaspaceSize: unlimited
CompressedClassSpaceSize: 1.00 GB
Initial GC threshold: 21.00 MB
Current GC threshold: 61.69 MB
CDS: off
MetaspaceReclaimPolicy: balanced
 - commit_granule_bytes: 65536.
 - commit_granule_words: 8192.
 - virtual_space_node_default_size: 8388608.
 - enlarge_chunks_in_place: 1.
 - new_chunks_are_fully_committed: 0.
 - uncommit_free_chunks: 1.
 - use_allocation_guard: 0.
 - handle_deallocations: 1.


Internal statistics:

num_allocs_failed_limit: 3.
num_arena_births: 212.
num_arena_deaths: 2.
num_vsnodes_births: 2.
num_vsnodes_deaths: 0.
num_space_committed: 616.
num_space_uncommitted: 0.
num_chunks_returned_to_freelist: 15.
num_chunks_taken_from_freelist: 1341.
num_chunk_merges: 4.
num_chunk_splits: 922.
num_chunks_enlarged: 717.
num_inconsistent_stats: 0.

CodeHeap 'non-profiled nmethods': size=120000Kb used=3918Kb max_used=3918Kb free=116081Kb
 bounds [0x000001cd18820000, 0x000001cd18c00000, 0x000001cd1fd50000]
CodeHeap 'profiled nmethods': size=120000Kb used=13341Kb max_used=13341Kb free=106658Kb
 bounds [0x000001cd10d50000, 0x000001cd11a60000, 0x000001cd18280000]
CodeHeap 'non-nmethods': size=5760Kb used=1222Kb max_used=1257Kb free=4537Kb
 bounds [0x000001cd18280000, 0x000001cd184f0000, 0x000001cd18820000]
 total_blobs=6976 nmethods=6447 adapters=441
 compilation: enabled
              stopped_count=0, restarted_count=0
 full_count=0

Compilation events (20 events):
Event: 27.281 Thread 0x000001cd263eeb90 nmethod 7259 0x000001cd18bf1e90 code [0x000001cd18bf2020, 0x000001cd18bf20f8]
Event: 27.281 Thread 0x000001cd263eeb90 7245       4       org.eclipse.sisu.bean.DeclaredMembers$MemberIterator::next (5 bytes)
Event: 27.284 Thread 0x000001cd263eeb90 nmethod 7245 0x000001cd18bf2210 code [0x000001cd18bf23a0, 0x000001cd18bf2488]
Event: 27.301 Thread 0x000001cd263eeb90 7282  s!   4       jdk.internal.loader.URLClassPath::getLoader (194 bytes)
Event: 27.381 Thread 0x000001cd263f1560 7286       3       java.lang.invoke.LambdaFormEditor$TransformKey::bval (26 bytes)
Event: 27.381 Thread 0x000001cd263f1560 nmethod 7286 0x000001cd10db1e90 code [0x000001cd10db2020, 0x000001cd10db2118]
Event: 27.381 Thread 0x000001cd263f1560 7287       1       java.util.stream.FindOps$FindOp::getOpFlags (5 bytes)
Event: 27.382 Thread 0x000001cd263f1560 nmethod 7287 0x000001cd18bf2d10 code [0x000001cd18bf2ea0, 0x000001cd18bf2f78]
Event: 27.386 Thread 0x000001cd263f1560 7288       3       java.lang.invoke.VarHandleByteArrayAsInts$ArrayHandle::index (12 bytes)
Event: 27.386 Thread 0x000001cd263f1560 nmethod 7288 0x000001cd1181c910 code [0x000001cd1181cac0, 0x000001cd1181ccc8]
Event: 27.387 Thread 0x000001cd263f1560 7292       3       org.codehaus.plexus.classworlds.realm.Entry::matches (282 bytes)
Event: 27.395 Thread 0x000001cd263f1560 nmethod 7292 0x000001cd11a3e710 code [0x000001cd11a3ee20, 0x000001cd11a429f8]
Event: 27.395 Thread 0x000001cd263f1560 7289       3       java.lang.invoke.VarHandleGuards::guard_LI_I (78 bytes)
Event: 27.398 Thread 0x000001cd263f1560 nmethod 7289 0x000001cd11a43e10 code [0x000001cd11a44160, 0x000001cd11a45e88]
Event: 27.423 Thread 0x000001cd263f1560 7294       3       java.lang.invoke.LambdaFormEditor$TransformKey::inRange (36 bytes)
Event: 27.424 Thread 0x000001cd263f1560 nmethod 7294 0x000001cd1181c590 code [0x000001cd1181c720, 0x000001cd1181c878]
Event: 27.495 Thread 0x000001cd263f1560 7295       3       java.lang.invoke.VarHandleByteArrayAsInts$ArrayHandle::get (36 bytes)
Event: 27.496 Thread 0x000001cd263f1560 nmethod 7295 0x000001cd1182cb90 code [0x000001cd1182cd80, 0x000001cd1182d298]
Event: 27.496 Thread 0x000001cd263f1560 7296       3       java.lang.String::encode (48 bytes)
Event: 27.497 Thread 0x000001cd263f1560 nmethod 7296 0x000001cd1182c510 code [0x000001cd1182c700, 0x000001cd1182ca58]

GC Heap History (20 events):
Event: 16.504 GC heap before
{Heap before GC invocations=18 (full 0):
 garbage-first heap   total 71680K, used 55187K [0x00000000a0c00000, 0x0000000100000000)
  region size 1024K, 14 young (14336K), 2 survivors (2048K)
 Metaspace       used 35051K, committed 35328K, reserved 1114112K
  class space    used 3804K, committed 3904K, reserved 1048576K
}
Event: 16.519 GC heap after
{Heap after GC invocations=19 (full 0):
 garbage-first heap   total 71680K, used 44929K [0x00000000a0c00000, 0x0000000100000000)
  region size 1024K, 2 young (2048K), 2 survivors (2048K)
 Metaspace       used 35051K, committed 35328K, reserved 1114112K
  class space    used 3804K, committed 3904K, reserved 1048576K
}
Event: 16.941 GC heap before
{Heap before GC invocations=20 (full 0):
 garbage-first heap   total 81920K, used 56193K [0x00000000a0c00000, 0x0000000100000000)
  region size 1024K, 13 young (13312K), 2 survivors (2048K)
 Metaspace       used 35199K, committed 35520K, reserved 1114112K
  class space    used 3817K, committed 3968K, reserved 1048576K
}
Event: 16.958 GC heap after
{Heap after GC invocations=21 (full 0):
 garbage-first heap   total 81920K, used 46876K [0x00000000a0c00000, 0x0000000100000000)
  region size 1024K, 2 young (2048K), 2 survivors (2048K)
 Metaspace       used 35199K, committed 35520K, reserved 1114112K
  class space    used 3817K, committed 3968K, reserved 1048576K
}
Event: 17.953 GC heap before
{Heap before GC invocations=21 (full 0):
 garbage-first heap   total 81920K, used 62236K [0x00000000a0c00000, 0x0000000100000000)
  region size 1024K, 17 young (17408K), 2 survivors (2048K)
 Metaspace       used 35791K, committed 36160K, reserved 1114112K
  class space    used 3871K, committed 4032K, reserved 1048576K
}
Event: 17.969 GC heap after
{Heap after GC invocations=22 (full 0):
 garbage-first heap   total 100352K, used 48107K [0x00000000a0c00000, 0x0000000100000000)
  region size 1024K, 1 young (1024K), 1 survivors (1024K)
 Metaspace       used 35791K, committed 36160K, reserved 1114112K
  class space    used 3871K, committed 4032K, reserved 1048576K
}
Event: 20.193 GC heap before
{Heap before GC invocations=23 (full 0):
 garbage-first heap   total 100352K, used 70635K [0x00000000a0c00000, 0x0000000100000000)
  region size 1024K, 25 young (25600K), 1 survivors (1024K)
 Metaspace       used 37485K, committed 37888K, reserved 1114112K
  class space    used 4092K, committed 4288K, reserved 1048576K
}
Event: 20.209 GC heap after
{Heap after GC invocations=24 (full 0):
 garbage-first heap   total 100352K, used 49092K [0x00000000a0c00000, 0x0000000100000000)
  region size 1024K, 3 young (3072K), 3 survivors (3072K)
 Metaspace       used 37485K, committed 37888K, reserved 1114112K
  class space    used 4092K, committed 4288K, reserved 1048576K
}
Event: 21.374 GC heap before
{Heap before GC invocations=25 (full 0):
 garbage-first heap   total 100352K, used 80836K [0x00000000a0c00000, 0x0000000100000000)
  region size 1024K, 29 young (29696K), 3 survivors (3072K)
 Metaspace       used 37575K, committed 37952K, reserved 1114112K
  class space    used 4093K, committed 4288K, reserved 1048576K
}
Event: 21.400 GC heap after
{Heap after GC invocations=26 (full 0):
 garbage-first heap   total 100352K, used 63419K [0x00000000a0c00000, 0x0000000100000000)
  region size 1024K, 4 young (4096K), 4 survivors (4096K)
 Metaspace       used 37575K, committed 37952K, reserved 1114112K
  class space    used 4093K, committed 4288K, reserved 1048576K
}
Event: 21.426 GC heap before
{Heap before GC invocations=26 (full 0):
 garbage-first heap   total 100352K, used 64443K [0x00000000a0c00000, 0x0000000100000000)
  region size 1024K, 5 young (5120K), 4 survivors (4096K)
 Metaspace       used 37575K, committed 37952K, reserved 1114112K
  class space    used 4093K, committed 4288K, reserved 1048576K
}
Event: 21.433 GC heap after
{Heap after GC invocations=27 (full 0):
 garbage-first heap   total 100352K, used 53520K [0x00000000a0c00000, 0x0000000100000000)
  region size 1024K, 1 young (1024K), 1 survivors (1024K)
 Metaspace       used 37575K, committed 37952K, reserved 1114112K
  class space    used 4093K, committed 4288K, reserved 1048576K
}
Event: 21.656 GC heap before
{Heap before GC invocations=27 (full 0):
 garbage-first heap   total 100352K, used 55568K [0x00000000a0c00000, 0x0000000100000000)
  region size 1024K, 4 young (4096K), 1 survivors (1024K)
 Metaspace       used 37576K, committed 37952K, reserved 1114112K
  class space    used 4093K, committed 4288K, reserved 1048576K
}
Event: 21.667 GC heap after
{Heap after GC invocations=28 (full 0):
 garbage-first heap   total 100352K, used 52431K [0x00000000a0c00000, 0x0000000100000000)
  region size 1024K, 1 young (1024K), 1 survivors (1024K)
 Metaspace       used 37576K, committed 37952K, reserved 1114112K
  class space    used 4093K, committed 4288K, reserved 1048576K
}
Event: 23.503 GC heap before
{Heap before GC invocations=28 (full 0):
 garbage-first heap   total 100352K, used 71887K [0x00000000a0c00000, 0x0000000100000000)
  region size 1024K, 20 young (20480K), 1 survivors (1024K)
 Metaspace       used 37587K, committed 38016K, reserved 1114112K
  class space    used 4093K, committed 4288K, reserved 1048576K
}
Event: 23.512 GC heap after
{Heap after GC invocations=29 (full 0):
 garbage-first heap   total 100352K, used 58071K [0x00000000a0c00000, 0x0000000100000000)
  region size 1024K, 3 young (3072K), 3 survivors (3072K)
 Metaspace       used 37587K, committed 38016K, reserved 1114112K
  class space    used 4093K, committed 4288K, reserved 1048576K
}
Event: 24.232 GC heap before
{Heap before GC invocations=30 (full 0):
 garbage-first heap   total 104448K, used 74455K [0x00000000a0c00000, 0x0000000100000000)
  region size 1024K, 19 young (19456K), 3 survivors (3072K)
 Metaspace       used 37488K, committed 38016K, reserved 1114112K
  class space    used 4083K, committed 4288K, reserved 1048576K
}
Event: 24.247 GC heap after
{Heap after GC invocations=31 (full 0):
 garbage-first heap   total 104448K, used 63103K [0x00000000a0c00000, 0x0000000100000000)
  region size 1024K, 3 young (3072K), 3 survivors (3072K)
 Metaspace       used 37488K, committed 38016K, reserved 1114112K
  class space    used 4083K, committed 4288K, reserved 1048576K
}
Event: 24.294 GC heap before
{Heap before GC invocations=31 (full 0):
 garbage-first heap   total 104448K, used 64127K [0x00000000a0c00000, 0x0000000100000000)
  region size 1024K, 5 young (5120K), 3 survivors (3072K)
 Metaspace       used 37519K, committed 38016K, reserved 1114112K
  class space    used 4085K, committed 4288K, reserved 1048576K
}
Event: 24.318 GC heap after
{Heap after GC invocations=32 (full 0):
 garbage-first heap   total 193536K, used 53449K [0x00000000a0c00000, 0x0000000100000000)
  region size 1024K, 1 young (1024K), 1 survivors (1024K)
 Metaspace       used 37519K, committed 38016K, reserved 1114112K
  class space    used 4085K, committed 4288K, reserved 1048576K
}

Dll operation events (8 events):
Event: 0.021 Loaded shared library C:\Users\rahul\.p2\pool\plugins\org.eclipse.justj.openjdk.hotspot.jre.full.win32.x86_64_17.0.10.v20240120-1143\jre\bin\java.dll
Event: 0.230 Loaded shared library C:\Users\rahul\.p2\pool\plugins\org.eclipse.justj.openjdk.hotspot.jre.full.win32.x86_64_17.0.10.v20240120-1143\jre\bin\net.dll
Event: 0.234 Loaded shared library C:\Users\rahul\.p2\pool\plugins\org.eclipse.justj.openjdk.hotspot.jre.full.win32.x86_64_17.0.10.v20240120-1143\jre\bin\nio.dll
Event: 0.247 Loaded shared library C:\Users\rahul\.p2\pool\plugins\org.eclipse.justj.openjdk.hotspot.jre.full.win32.x86_64_17.0.10.v20240120-1143\jre\bin\zip.dll
Event: 0.528 Loaded shared library C:\Users\rahul\.p2\pool\plugins\org.eclipse.justj.openjdk.hotspot.jre.full.win32.x86_64_17.0.10.v20240120-1143\jre\bin\jimage.dll
Event: 0.937 Loaded shared library C:\Users\rahul\AppData\Local\Temp\jansi-2.4.0-2c1babfe9b0d6dc-jansi.dll
Event: 3.782 Loaded shared library C:\Users\rahul\.p2\pool\plugins\org.eclipse.justj.openjdk.hotspot.jre.full.win32.x86_64_17.0.10.v20240120-1143\jre\bin\verify.dll
Event: 4.402 Loaded shared library C:\Users\rahul\.p2\pool\plugins\org.eclipse.justj.openjdk.hotspot.jre.full.win32.x86_64_17.0.10.v20240120-1143\jre\bin\extnet.dll

Deoptimization events (20 events):
Event: 27.147 Thread 0x000001cd0d68cb60 Uncommon trap: trap_request=0xffffffde fr.pc=0x000001cd18909f9c relative=0x000000000000007c
Event: 27.147 Thread 0x000001cd0d68cb60 Uncommon trap: reason=class_check action=maybe_recompile pc=0x000001cd18909f9c method=com.google.inject.internal.MoreTypes.getRawType(Ljava/lang/reflect/Type;)Ljava/lang/Class; @ 13 c2
Event: 27.147 Thread 0x000001cd0d68cb60 DEOPT PACKING pc=0x000001cd18909f9c sp=0x000000c4092fd9f0
Event: 27.147 Thread 0x000001cd0d68cb60 DEOPT UNPACKING pc=0x000001cd182d69a3 sp=0x000000c4092fd980 mode 2
Event: 27.147 Thread 0x000001cd0d68cb60 Uncommon trap: trap_request=0xffffffde fr.pc=0x000001cd18909f9c relative=0x000000000000007c
Event: 27.147 Thread 0x000001cd0d68cb60 Uncommon trap: reason=class_check action=maybe_recompile pc=0x000001cd18909f9c method=com.google.inject.internal.MoreTypes.getRawType(Ljava/lang/reflect/Type;)Ljava/lang/Class; @ 13 c2
Event: 27.147 Thread 0x000001cd0d68cb60 DEOPT PACKING pc=0x000001cd18909f9c sp=0x000000c4092fd9f0
Event: 27.147 Thread 0x000001cd0d68cb60 DEOPT UNPACKING pc=0x000001cd182d69a3 sp=0x000000c4092fd980 mode 2
Event: 27.148 Thread 0x000001cd0d68cb60 Uncommon trap: trap_request=0xffffffde fr.pc=0x000001cd18909f9c relative=0x000000000000007c
Event: 27.148 Thread 0x000001cd0d68cb60 Uncommon trap: reason=class_check action=maybe_recompile pc=0x000001cd18909f9c method=com.google.inject.internal.MoreTypes.getRawType(Ljava/lang/reflect/Type;)Ljava/lang/Class; @ 13 c2
Event: 27.148 Thread 0x000001cd0d68cb60 DEOPT PACKING pc=0x000001cd18909f9c sp=0x000000c4092fd9f0
Event: 27.148 Thread 0x000001cd0d68cb60 DEOPT UNPACKING pc=0x000001cd182d69a3 sp=0x000000c4092fd980 mode 2
Event: 27.168 Thread 0x000001cd2c1cc3d0 Uncommon trap: trap_request=0xffffff45 fr.pc=0x000001cd189ce598 relative=0x00000000000000f8
Event: 27.168 Thread 0x000001cd2c1cc3d0 Uncommon trap: reason=unstable_if action=reinterpret pc=0x000001cd189ce598 method=java.lang.ThreadLocal.get()Ljava/lang/Object; @ 11 c2
Event: 27.168 Thread 0x000001cd2c1cc3d0 DEOPT PACKING pc=0x000001cd189ce598 sp=0x000000c40affe330
Event: 27.168 Thread 0x000001cd2c1cc3d0 DEOPT UNPACKING pc=0x000001cd182d69a3 sp=0x000000c40affe2c0 mode 2
Event: 27.376 Thread 0x000001cd0d68cb60 Uncommon trap: trap_request=0xffffff45 fr.pc=0x000001cd18a7d1d8 relative=0x0000000000000a58
Event: 27.376 Thread 0x000001cd0d68cb60 Uncommon trap: reason=unstable_if action=reinterpret pc=0x000001cd18a7d1d8 method=org.codehaus.plexus.classworlds.realm.Entry.matches(Ljava/lang/String;)Z @ 20 c2
Event: 27.376 Thread 0x000001cd0d68cb60 DEOPT PACKING pc=0x000001cd18a7d1d8 sp=0x000000c4092fd7f0
Event: 27.376 Thread 0x000001cd0d68cb60 DEOPT UNPACKING pc=0x000001cd182d69a3 sp=0x000000c4092fd7b8 mode 2

Classes unloaded (17 events):
Event: 23.588 Thread 0x000001cd263b3600 Unloading class 0x00000001003ff8b8 'org/springframework/boot/configurationprocessor/metadata/ConfigurationMetadata'
Event: 23.588 Thread 0x000001cd263b3600 Unloading class 0x00000001003ff670 'org/springframework/boot/configurationprocessor/MetadataGenerationEnvironment$$Lambda$382+0x00000001003ff670'
Event: 23.588 Thread 0x000001cd263b3600 Unloading class 0x00000001003ff430 'org/springframework/boot/configurationprocessor/MetadataGenerationEnvironment$$Lambda$381+0x00000001003ff430'
Event: 23.588 Thread 0x000001cd263b3600 Unloading class 0x00000001003ff218 'org/springframework/boot/configurationprocessor/fieldvalues/javac/Trees'
Event: 23.588 Thread 0x000001cd263b3600 Unloading class 0x00000001003ff000 'org/springframework/boot/configurationprocessor/fieldvalues/javac/ReflectionWrapper'
Event: 23.588 Thread 0x000001cd263b3600 Unloading class 0x00000001003fdc18 'org/springframework/boot/configurationprocessor/fieldvalues/javac/TreeVisitor'
Event: 23.588 Thread 0x000001cd263b3600 Unloading class 0x00000001003fd9f0 'org/springframework/boot/configurationprocessor/fieldvalues/javac/JavaCompilerFieldValuesParser'
Event: 23.588 Thread 0x000001cd263b3600 Unloading class 0x00000001003fd7f8 'org/springframework/boot/configurationprocessor/fieldvalues/FieldValuesParser'
Event: 23.588 Thread 0x000001cd263b3600 Unloading class 0x00000001003fd540 'org/springframework/boot/configurationprocessor/MetadataGenerationEnvironment'
Event: 23.588 Thread 0x000001cd263b3600 Unloading class 0x00000001003fd320 'org/springframework/boot/configurationprocessor/TypeUtils$$Lambda$379+0x00000001003fd320'
Event: 23.588 Thread 0x000001cd263b3600 Unloading class 0x00000001003fd000 'org/springframework/boot/configurationprocessor/TypeUtils$TypeExtractor'
Event: 23.588 Thread 0x000001cd263b3600 Unloading class 0x00000001003fc490 'org/springframework/boot/configurationprocessor/TypeUtils$$Lambda$378+0x00000001003fc490'
Event: 23.588 Thread 0x000001cd263b3600 Unloading class 0x00000001003fc238 'org/springframework/boot/configurationprocessor/TypeUtils'
Event: 23.588 Thread 0x000001cd263b3600 Unloading class 0x00000001003fc000 'org/springframework/boot/configurationprocessor/MetadataCollector'
Event: 23.588 Thread 0x000001cd263b3600 Unloading class 0x00000001003d0530 'org/springframework/boot/configurationprocessor/MetadataStore'
Event: 23.588 Thread 0x000001cd263b3600 Unloading class 0x00000001003d02d0 'org/springframework/boot/configurationprocessor/metadata/InvalidConfigurationMetadataException'
Event: 23.588 Thread 0x000001cd263b3600 Unloading class 0x00000001003d0000 'org/springframework/boot/configurationprocessor/ConfigurationMetadataAnnotationProcessor'

Classes redefined (0 events):
No events

Internal exceptions (20 events):
Event: 24.426 Thread 0x000001cd0d68cb60 Exception <a 'sun/nio/fs/WindowsException'{0x00000000ac5203e8}> (0x00000000ac5203e8) 
thrown [s\src\hotspot\share\prims\jni.cpp, line 516]
Event: 24.427 Thread 0x000001cd0d68cb60 Exception <a 'sun/nio/fs/WindowsException'{0x00000000ac520728}> (0x00000000ac520728) 
thrown [s\src\hotspot\share\prims\jni.cpp, line 516]
Event: 24.427 Thread 0x000001cd0d68cb60 Exception <a 'sun/nio/fs/WindowsException'{0x00000000ac5216b0}> (0x00000000ac5216b0) 
thrown [s\src\hotspot\share\prims\jni.cpp, line 516]
Event: 24.427 Thread 0x000001cd0d68cb60 Exception <a 'sun/nio/fs/WindowsException'{0x00000000ac521ab8}> (0x00000000ac521ab8) 
thrown [s\src\hotspot\share\prims\jni.cpp, line 516]
Event: 24.427 Thread 0x000001cd0d68cb60 Exception <a 'sun/nio/fs/WindowsException'{0x00000000ac522b18}> (0x00000000ac522b18) 
thrown [s\src\hotspot\share\prims\jni.cpp, line 516]
Event: 24.427 Thread 0x000001cd0d68cb60 Exception <a 'sun/nio/fs/WindowsException'{0x00000000ac522e78}> (0x00000000ac522e78) 
thrown [s\src\hotspot\share\prims\jni.cpp, line 516]
Event: 24.446 Thread 0x000001cd0d68cb60 Exception <a 'sun/nio/fs/WindowsException'{0x00000000ac4022b8}> (0x00000000ac4022b8) 
thrown [s\src\hotspot\share\prims\jni.cpp, line 516]
Event: 24.446 Thread 0x000001cd0d68cb60 Exception <a 'sun/nio/fs/WindowsException'{0x00000000ac402a48}> (0x00000000ac402a48) 
thrown [s\src\hotspot\share\prims\jni.cpp, line 516]
Event: 24.447 Thread 0x000001cd0d68cb60 Exception <a 'sun/nio/fs/WindowsException'{0x00000000ac403008}> (0x00000000ac403008) 
thrown [s\src\hotspot\share\prims\jni.cpp, line 516]
Event: 24.447 Thread 0x000001cd0d68cb60 Exception <a 'sun/nio/fs/WindowsException'{0x00000000ac403778}> (0x00000000ac403778) 
thrown [s\src\hotspot\share\prims\jni.cpp, line 516]
Event: 24.447 Thread 0x000001cd0d68cb60 Exception <a 'sun/nio/fs/WindowsException'{0x00000000ac403b08}> (0x00000000ac403b08) 
thrown [s\src\hotspot\share\prims\jni.cpp, line 516]
Event: 24.447 Thread 0x000001cd0d68cb60 Exception <a 'sun/nio/fs/WindowsException'{0x00000000ac4047e0}> (0x00000000ac4047e0) 
thrown [s\src\hotspot\share\prims\jni.cpp, line 516]
Event: 24.447 Thread 0x000001cd0d68cb60 Exception <a 'sun/nio/fs/WindowsException'{0x00000000ac404b38}> (0x00000000ac404b38) 
thrown [s\src\hotspot\share\prims\jni.cpp, line 516]
Event: 24.447 Thread 0x000001cd0d68cb60 Exception <a 'sun/nio/fs/WindowsException'{0x00000000ac4057e8}> (0x00000000ac4057e8) 
thrown [s\src\hotspot\share\prims\jni.cpp, line 516]
Event: 24.447 Thread 0x000001cd0d68cb60 Exception <a 'sun/nio/fs/WindowsException'{0x00000000ac405b00}> (0x00000000ac405b00) 
thrown [s\src\hotspot\share\prims\jni.cpp, line 516]
Event: 24.448 Thread 0x000001cd0d68cb60 Exception <a 'sun/nio/fs/WindowsException'{0x00000000ac4067a8}> (0x00000000ac4067a8) 
thrown [s\src\hotspot\share\prims\jni.cpp, line 516]
Event: 27.168 Thread 0x000001cd2c1cc3d0 Implicit null exception at 0x000001cd189ce4ec to 0x000001cd189ce584
Event: 27.224 Thread 0x000001cd2c1cc3d0 Exception <a 'java/lang/NoSuchMethodError'{0x00000000aa73a6c8}: 'java.lang.Object java.lang.invoke.DirectMethodHandle$Holder.invokeStaticInit(java.lang.Object, java.lang.Object, long, java.lang.Object)'> (0x00000000aa73a6c8) 
thrown [s\src\hotspot\share\interpreter\linkResolver.cpp, line 759]
Event: 27.225 Thread 0x000001cd2c1cc3d0 Exception <a 'java/lang/NoSuchMethodError'{0x00000000aa740db8}: 'java.lang.Object java.lang.invoke.DirectMethodHandle$Holder.newInvokeSpecial(java.lang.Object, java.lang.Object, long)'> (0x00000000aa740db8) 
thrown [s\src\hotspot\share\interpreter\linkResolver.cpp, line 759]
Event: 27.229 Thread 0x000001cd2c1cc3d0 Exception <a 'java/lang/NoSuchMethodError'{0x00000000aa744928}: 'java.lang.Object java.lang.invoke.Invokers$Holder.linkToTargetMethod(java.lang.Object, long, java.lang.Object)'> (0x00000000aa744928) 
thrown [s\src\hotspot\share\interpreter\linkResolver.cpp, line 759]

VM Operations (20 events):
Event: 23.586 Executing VM operation: G1PauseRemark
Event: 23.617 Executing VM operation: G1PauseRemark done
Event: 23.641 Executing VM operation: G1PauseCleanup
Event: 23.641 Executing VM operation: G1PauseCleanup done
Event: 24.232 Executing VM operation: G1CollectForAllocation
Event: 24.247 Executing VM operation: G1CollectForAllocation done
Event: 24.294 Executing VM operation: G1CollectForAllocation
Event: 24.318 Executing VM operation: G1CollectForAllocation done
Event: 25.322 Executing VM operation: Cleanup
Event: 25.322 Executing VM operation: Cleanup done
Event: 26.331 Executing VM operation: Cleanup
Event: 26.331 Executing VM operation: Cleanup done
Event: 27.125 Executing VM operation: HandshakeAllThreads
Event: 27.125 Executing VM operation: HandshakeAllThreads done
Event: 27.142 Executing VM operation: HandshakeAllThreads
Event: 27.142 Executing VM operation: HandshakeAllThreads done
Event: 27.222 Executing VM operation: HandshakeAllThreads
Event: 27.222 Executing VM operation: HandshakeAllThreads done
Event: 27.222 Executing VM operation: HandshakeAllThreads
Event: 27.223 Executing VM operation: HandshakeAllThreads done

Events (20 events):
Event: 27.281 loading class java/lang/constant/PrimitiveClassDescImpl
Event: 27.281 loading class java/lang/constant/DynamicConstantDesc
Event: 27.281 loading class java/lang/constant/DynamicConstantDesc done
Event: 27.281 loading class java/lang/constant/PrimitiveClassDescImpl done
Event: 27.282 loading class java/lang/constant/DynamicConstantDesc$AnonymousDynamicConstantDesc
Event: 27.282 loading class java/lang/constant/DynamicConstantDesc$AnonymousDynamicConstantDesc done
Event: 27.451 loading class java/nio/file/TempFileHelper
Event: 27.453 loading class java/nio/file/TempFileHelper done
Event: 27.454 loading class java/security/DrbgParameters$NextBytes
Event: 27.455 loading class java/security/DrbgParameters$NextBytes done
Event: 27.455 loading class sun/security/provider/AbstractDrbg$SeederHolder
Event: 27.456 loading class sun/security/provider/AbstractDrbg$SeederHolder done
Event: 27.456 loading class sun/security/provider/SeedGenerator
Event: 27.458 loading class sun/security/provider/SeedGenerator done
Event: 27.458 loading class sun/security/provider/NativeSeedGenerator
Event: 27.459 loading class sun/security/provider/NativeSeedGenerator done
Event: 27.492 loading class sun/security/provider/SeedGenerator$1
Event: 27.494 loading class sun/security/provider/SeedGenerator$1 done
Event: 27.553 loading class java/net/NetworkInterface$1
Event: 27.554 loading class java/net/NetworkInterface$1 done


Dynamic libraries:
0x00007ff74ce40000 - 0x00007ff74ce4e000 	C:\Users\rahul\.p2\pool\plugins\org.eclipse.justj.openjdk.hotspot.jre.full.win32.x86_64_17.0.10.v20240120-1143\jre\bin\javaw.exe
0x00007ff9ee230000 - 0x00007ff9ee447000 	C:\WINDOWS\SYSTEM32\ntdll.dll
0x00007ff9ece30000 - 0x00007ff9ecef4000 	C:\WINDOWS\System32\KERNEL32.DLL
0x00007ff9eb960000 - 0x00007ff9ebd0d000 	C:\WINDOWS\System32\KERNELBASE.dll
0x00007ff9db9c0000 - 0x00007ff9db9db000 	C:\Users\rahul\.p2\pool\plugins\org.eclipse.justj.openjdk.hotspot.jre.full.win32.x86_64_17.0.10.v20240120-1143\jre\bin\VCRUNTIME140.dll
0x00007ff9e5820000 - 0x00007ff9e5837000 	C:\Users\rahul\.p2\pool\plugins\org.eclipse.justj.openjdk.hotspot.jre.full.win32.x86_64_17.0.10.v20240120-1143\jre\bin\jli.dll
0x00007ff9ebe50000 - 0x00007ff9ebf61000 	C:\WINDOWS\System32\ucrtbase.dll
0x00007ff9d7420000 - 0x00007ff9d76b3000 	C:\WINDOWS\WinSxS\amd64_microsoft.windows.common-controls_6595b64144ccf1df_6.0.22621.3672_none_2713b9d173822955\COMCTL32.dll
0x00007ff9ecf00000 - 0x00007ff9ed0ae000 	C:\WINDOWS\System32\USER32.dll
0x00007ff9ebd10000 - 0x00007ff9ebd36000 	C:\WINDOWS\System32\win32u.dll
0x00007ff9ec150000 - 0x00007ff9ec1f7000 	C:\WINDOWS\System32\msvcrt.dll
0x00007ff9ec200000 - 0x00007ff9ec229000 	C:\WINDOWS\System32\GDI32.dll
0x00007ff9eb840000 - 0x00007ff9eb959000 	C:\WINDOWS\System32\gdi32full.dll
0x00007ff9ebd40000 - 0x00007ff9ebdda000 	C:\WINDOWS\System32\msvcp_win.dll
0x00007ff9ed290000 - 0x00007ff9ed2c1000 	C:\WINDOWS\System32\IMM32.DLL
0x00007ff9e8260000 - 0x00007ff9e826c000 	C:\Users\rahul\.p2\pool\plugins\org.eclipse.justj.openjdk.hotspot.jre.full.win32.x86_64_17.0.10.v20240120-1143\jre\bin\vcruntime140_1.dll
0x00007ff9b3ed0000 - 0x00007ff9b3f5d000 	C:\Users\rahul\.p2\pool\plugins\org.eclipse.justj.openjdk.hotspot.jre.full.win32.x86_64_17.0.10.v20240120-1143\jre\bin\msvcp140.dll
0x00007ff92ad00000 - 0x00007ff92b962000 	C:\Users\rahul\.p2\pool\plugins\org.eclipse.justj.openjdk.hotspot.jre.full.win32.x86_64_17.0.10.v20240120-1143\jre\bin\server\jvm.dll
0x00007ff9ed2d0000 - 0x00007ff9ed382000 	C:\WINDOWS\System32\ADVAPI32.dll
0x00007ff9ed390000 - 0x00007ff9ed439000 	C:\WINDOWS\System32\sechost.dll
0x00007ff9eb810000 - 0x00007ff9eb838000 	C:\WINDOWS\System32\bcrypt.dll
0x00007ff9edf00000 - 0x00007ff9ee014000 	C:\WINDOWS\System32\RPCRT4.dll
0x00007ff9e71b0000 - 0x00007ff9e71ba000 	C:\WINDOWS\SYSTEM32\VERSION.dll
0x00007ff9eb420000 - 0x00007ff9eb46d000 	C:\WINDOWS\SYSTEM32\POWRPROF.dll
0x00007ff9cf080000 - 0x00007ff9cf089000 	C:\WINDOWS\SYSTEM32\WSOCK32.dll
0x00007ff9e3490000 - 0x00007ff9e34c4000 	C:\WINDOWS\SYSTEM32\WINMM.dll
0x00007ff9ec5c0000 - 0x00007ff9ec631000 	C:\WINDOWS\System32\WS2_32.dll
0x00007ff9eb400000 - 0x00007ff9eb413000 	C:\WINDOWS\SYSTEM32\UMPDC.dll
0x00007ff9ea4f0000 - 0x00007ff9ea508000 	C:\WINDOWS\SYSTEM32\kernel.appcore.dll
0x00007ff9e7070000 - 0x00007ff9e707a000 	C:\Users\rahul\.p2\pool\plugins\org.eclipse.justj.openjdk.hotspot.jre.full.win32.x86_64_17.0.10.v20240120-1143\jre\bin\jimage.dll
0x00007ff9e88a0000 - 0x00007ff9e8ad2000 	C:\WINDOWS\SYSTEM32\DBGHELP.DLL
0x00007ff9ec230000 - 0x00007ff9ec5b8000 	C:\WINDOWS\System32\combase.dll
0x00007ff9ebf70000 - 0x00007ff9ec047000 	C:\WINDOWS\System32\OLEAUT32.dll
0x00007ff9d3030000 - 0x00007ff9d3062000 	C:\WINDOWS\SYSTEM32\dbgcore.DLL
0x00007ff9eb560000 - 0x00007ff9eb5db000 	C:\WINDOWS\System32\bcryptPrimitives.dll
0x00007ff9d4eb0000 - 0x00007ff9d4ed5000 	C:\Users\rahul\.p2\pool\plugins\org.eclipse.justj.openjdk.hotspot.jre.full.win32.x86_64_17.0.10.v20240120-1143\jre\bin\java.dll
0x00007ff9d5180000 - 0x00007ff9d5198000 	C:\Users\rahul\.p2\pool\plugins\org.eclipse.justj.openjdk.hotspot.jre.full.win32.x86_64_17.0.10.v20240120-1143\jre\bin\zip.dll
0x00007ff9ed440000 - 0x00007ff9edc9f000 	C:\WINDOWS\System32\SHELL32.dll
0x00007ff9e9460000 - 0x00007ff9e9d5c000 	C:\WINDOWS\SYSTEM32\windows.storage.dll
0x00007ff9e9320000 - 0x00007ff9e945f000 	C:\WINDOWS\SYSTEM32\wintypes.dll
0x00007ff9ed0b0000 - 0x00007ff9ed1a4000 	C:\WINDOWS\System32\SHCORE.dll
0x00007ff9ee190000 - 0x00007ff9ee1ee000 	C:\WINDOWS\System32\shlwapi.dll
0x00007ff9eb490000 - 0x00007ff9eb4b1000 	C:\WINDOWS\SYSTEM32\profapi.dll
0x00007ff9c7780000 - 0x00007ff9c7799000 	C:\Users\rahul\.p2\pool\plugins\org.eclipse.justj.openjdk.hotspot.jre.full.win32.x86_64_17.0.10.v20240120-1143\jre\bin\net.dll
0x00007ff9e6050000 - 0x00007ff9e6186000 	C:\WINDOWS\SYSTEM32\WINHTTP.dll
0x00007ff9ea9c0000 - 0x00007ff9eaa29000 	C:\WINDOWS\system32\mswsock.dll
0x00007ff9c3b60000 - 0x00007ff9c3b76000 	C:\Users\rahul\.p2\pool\plugins\org.eclipse.justj.openjdk.hotspot.jre.full.win32.x86_64_17.0.10.v20240120-1143\jre\bin\nio.dll
0x0000000069ac0000 - 0x0000000069ae4000 	C:\Users\rahul\AppData\Local\Temp\jansi-2.4.0-2c1babfe9b0d6dc-jansi.dll
0x00007ff9e3030000 - 0x00007ff9e3040000 	C:\Users\rahul\.p2\pool\plugins\org.eclipse.justj.openjdk.hotspot.jre.full.win32.x86_64_17.0.10.v20240120-1143\jre\bin\verify.dll
0x00007ff9e9fc0000 - 0x00007ff9e9fed000 	C:\WINDOWS\SYSTEM32\IPHLPAPI.DLL
0x00007ff9edef0000 - 0x00007ff9edef9000 	C:\WINDOWS\System32\NSI.dll
0x00007ff9e6250000 - 0x00007ff9e6269000 	C:\WINDOWS\SYSTEM32\dhcpcsvc6.DLL
0x00007ff9e6230000 - 0x00007ff9e624f000 	C:\WINDOWS\SYSTEM32\dhcpcsvc.DLL
0x00007ff9e9ff0000 - 0x00007ff9ea0e8000 	C:\WINDOWS\SYSTEM32\DNSAPI.dll
0x00007ff9dbbe0000 - 0x00007ff9dbbe9000 	C:\Users\rahul\.p2\pool\plugins\org.eclipse.justj.openjdk.hotspot.jre.full.win32.x86_64_17.0.10.v20240120-1143\jre\bin\extnet.dll
0x00007ff9eabf0000 - 0x00007ff9eac0b000 	C:\WINDOWS\SYSTEM32\CRYPTSP.dll
0x00007ff9ea4b0000 - 0x00007ff9ea4e5000 	C:\WINDOWS\system32\rsaenh.dll
0x00007ff9eaa80000 - 0x00007ff9eaaa8000 	C:\WINDOWS\SYSTEM32\USERENV.dll
0x00007ff9eabe0000 - 0x00007ff9eabec000 	C:\WINDOWS\SYSTEM32\CRYPTBASE.dll

dbghelp: loaded successfully - version: 4.0.5 - missing functions: none
symbol engine: initialized successfully - sym options: 0x614 - pdb path: .;C:\Users\rahul\.p2\pool\plugins\org.eclipse.justj.openjdk.hotspot.jre.full.win32.x86_64_17.0.10.v20240120-1143\jre\bin;C:\WINDOWS\SYSTEM32;C:\WINDOWS\WinSxS\amd64_microsoft.windows.common-controls_6595b64144ccf1df_6.0.22621.3672_none_2713b9d173822955;C:\Users\rahul\.p2\pool\plugins\org.eclipse.justj.openjdk.hotspot.jre.full.win32.x86_64_17.0.10.v20240120-1143\jre\bin\server;C:\Users\rahul\AppData\Local\Temp

VM Arguments:
jvm_args: -Dmaven.home=EMBEDDED -Dclassworlds.conf=C:\Users\rahul\Java Learning\eclipse-workspace\.metadata\.plugins\org.eclipse.m2e.launching\launches\m2conf7702159178417013902.tmp -Dmaven.multiModuleProjectDirectory=C:\Users\rahul\Global_Sumi\JavaCodeBase\Internal.Project -Dm2e.build.project.data.socket.port=51725 -Dfile.encoding=UTF-8 -Dstdout.encoding=UTF-8 -Dstderr.encoding=UTF-8 -XX:+ShowCodeDetailsInExceptionMessages 
java_command: org.codehaus.plexus.classworlds.launcher.Launcher -B -Dstyle.color=always clean package
java_class_path (initial): C:\Users\rahul\.p2\pool\plugins\org.eclipse.m2e.maven.runtime_3.9.500.20231113-2345\jars\plexus-classworlds-2.7.0.jar
Launcher Type: SUN_STANDARD

[Global flags]
     intx CICompilerCount                          = 4                                         {product} {ergonomic}
     uint ConcGCThreads                            = 2                                         {product} {ergonomic}
     uint G1ConcRefinementThreads                  = 8                                         {product} {ergonomic}
   size_t G1HeapRegionSize                         = 1048576                                   {product} {ergonomic}
    uintx GCDrainStackTargetSize                   = 64                                        {product} {ergonomic}
   size_t InitialHeapSize                          = 100663296                                 {product} {ergonomic}
   size_t MarkStackSize                            = 4194304                                   {product} {ergonomic}
   size_t MaxHeapSize                              = 1598029824                                {product} {ergonomic}
   size_t MaxNewSize                               = 958398464                                 {product} {ergonomic}
   size_t MinHeapDeltaBytes                        = 1048576                                   {product} {ergonomic}
   size_t MinHeapSize                              = 8388608                                   {product} {ergonomic}
    uintx NonNMethodCodeHeapSize                   = 5839372                                {pd product} {ergonomic}
    uintx NonProfiledCodeHeapSize                  = 122909434                              {pd product} {ergonomic}
    uintx ProfiledCodeHeapSize                     = 122909434                              {pd product} {ergonomic}
    uintx ReservedCodeCacheSize                    = 251658240                              {pd product} {ergonomic}
     bool SegmentedCodeCache                       = true                                      {product} {ergonomic}
     bool ShowCodeDetailsInExceptionMessages       = true                                   {manageable} {command line}
   size_t SoftMaxHeapSize                          = 1598029824                             {manageable} {ergonomic}
     bool UseCompressedClassPointers               = true                           {product lp64_product} {ergonomic}
     bool UseCompressedOops                        = true                           {product lp64_product} {ergonomic}
     bool UseG1GC                                  = true                                      {product} {ergonomic}
     bool UseLargePagesIndividualAllocation        = false                                  {pd product} {ergonomic}

Logging:
Log output configuration:
 #0: stdout all=warning uptime,level,tags
 #1: stderr all=off uptime,level,tags

Environment Variables:
PATH=C:/Users/rahul/.p2/pool/plugins/org.eclipse.justj.openjdk.hotspot.jre.full.win32.x86_64_17.0.10.v20240120-1143/jre/bin/server;C:/Users/rahul/.p2/pool/plugins/org.eclipse.justj.openjdk.hotspot.jre.full.win32.x86_64_17.0.10.v20240120-1143/jre/bin;C:\Program Files\jdk-21_windows-x64_bin\jdk-21.0.2\bin;C:\Users\rahul\database\oracle\WINDOWS.X64_193000_db_home\bin;C:\WINDOWS\system32;C:\WINDOWS;C:\WINDOWS\System32\Wbem;C:\WINDOWS\System32\WindowsPowerShell\v1.0\;C:\WINDOWS\System32\OpenSSH\;C:\WINDOWS\apache-maven-3.9.6-bin\apache-maven-3.9.6\bin\;C:\Program Files\nodejs\;C:\Program Files\Git\cmd;C:\Program Files\Amazon\AWSCLIV2\;C:\Users\rahul\AppData\Local\Microsoft\WindowsApps;C:\Users\rahul\Microsoft VS Code\bin;C:\Users\rahul\AppData\Roaming\npm;C:\Users\rahul\Java Learning\eclipse\jee-2023-12\eclipse;
USERNAME=rahul
OS=Windows_NT
PROCESSOR_IDENTIFIER=AMD64 Family 23 Model 24 Stepping 1, AuthenticAMD
TMP=C:\Users\rahul\AppData\Local\Temp
TEMP=C:\Users\rahul\AppData\Local\Temp



Periodic native trim disabled


---------------  S Y S T E M  ---------------

OS:
 Windows 11 , 64 bit Build 22621 (10.0.22621.3672)
OS uptime: 5 days 2:39 hours
Hyper-V role detected

CPU: total 8 (initial active 8) (8 cores per cpu, 2 threads per core) family 23 model 24 stepping 1 microcode 0x0, cx8, cmov, fxsr, ht, mmx, 3dnowpref, sse, sse2, sse3, ssse3, sse4a, sse4.1, sse4.2, popcnt, lzcnt, tsc, tscinvbit, avx, avx2, aes, clmul, bmi1, bmi2, adx, sha, fma, vzeroupper, clflush, clflushopt, hv
Processor Information for all 8 processors :
  Max Mhz: 2100, Current Mhz: 2100, Mhz Limit: 2100

Memory: 4k page, system-wide physical 6091M (180M free)
TotalPageFile size 24523M (AvailPageFile size 6M)
current process WorkingSet (physical memory assigned to process): 264M, peak: 277M
current process commit charge ("private bytes"): 361M, peak: 375M

vm_info: OpenJDK 64-Bit Server VM (17.0.10+7) for windows-amd64 JRE (17.0.10+7), built on Jan 16 2024 23:25:11 by "admin" with MS VC++ 16.10 / 16.11 (VS2019)

END.
