#
# There is insufficient memory for the Java Runtime Environment to continue.
# Native memory allocation (mmap) failed to map 122683392 bytes for G1 virtual space
# Possible reasons:
#   The system is out of physical RAM or swap space
#   The process is running with CompressedOops enabled, and the Java Heap may be blocking the growth of the native heap
# Possible solutions:
#   Reduce memory load on the system
#   Increase physical memory or swap space
#   Check if swap backing store is full
#   Decrease Java heap size (-Xmx/-Xms)
#   Decrease number of Java threads
#   Decrease Java thread stack sizes (-Xss)
#   Set larger code cache with -XX:ReservedCodeCacheSize=
#   JVM is running with Unscaled Compressed Oops mode in which the Java heap is
#     placed in the first 4GB address space. The Java Heap base address is the
#     maximum limit for the native heap growth. Please use -XX:HeapBaseMinAddress
#     to set the Java Heap base and to place the Java Heap above 4GB virtual address.
# This output file may be truncated or incomplete.
#
#  Out of Memory Error (os_windows.cpp:3613), pid=17484, tid=16700
#
# JRE version: OpenJDK Runtime Environment Temurin-17.0.10+7 (17.0.10+7) (build 17.0.10+7)
# Java VM: OpenJDK 64-Bit Server VM Temurin-17.0.10+7 (17.0.10+7, mixed mode, tiered, compressed oops, compressed class ptrs, g1 gc, windows-amd64)
# No core dump will be written. Minidumps are not enabled by default on client versions of Windows
#

---------------  S U M M A R Y ------------

Command Line: C:\Users\rahul\AppData\Local\Temp\surefire8971254533420482286\surefirebooter-20240730154647126_3.jar C:\Users\rahul\AppData\Local\Temp\surefire8971254533420482286 2024-07-30T15-46-46_694-jvmRun1 surefire-20240730154647126_1tmp surefire_0-20240730154647126_2tmp

Host: AMD Ryzen 5 3500U with Radeon Vega Mobile Gfx  , 8 cores, 5G,  Windows 11 , 64 bit Build 22621 (10.0.22621.3672)
Time: Tue Jul 30 15:47:21 2024 Eastern Daylight Time elapsed time: 33.846531 seconds (0d 0h 0m 33s)

---------------  T H R E A D  ---------------

Current thread (0x00000286e4ffd7a0):  VMThread "VM Thread" [stack: 0x000000b7a5500000,0x000000b7a5600000] [id=16700]

Stack: [0x000000b7a5500000,0x000000b7a5600000]
Native frames: (J=compiled Java code, j=interpreted, Vv=VM code, C=native code)
V  [jvm.dll+0x67d2c9]
V  [jvm.dll+0x834afa]
V  [jvm.dll+0x8365be]
V  [jvm.dll+0x836c23]
V  [jvm.dll+0x2477ff]
V  [jvm.dll+0x67a109]
V  [jvm.dll+0x66eb7a]
V  [jvm.dll+0x30764b]
V  [jvm.dll+0x30eaf6]
V  [jvm.dll+0x35e83e]
V  [jvm.dll+0x35ea6f]
V  [jvm.dll+0x2de248]
V  [jvm.dll+0x2dc424]
V  [jvm.dll+0x2dba2c]
V  [jvm.dll+0x31faeb]
V  [jvm.dll+0x83b11b]
V  [jvm.dll+0x83be61]
V  [jvm.dll+0x83c37d]
V  [jvm.dll+0x83c754]
V  [jvm.dll+0x83c820]
V  [jvm.dll+0x7e3fba]
V  [jvm.dll+0x67c1b5]
C  [ucrtbase.dll+0x29333]
C  [KERNEL32.DLL+0x1257d]
C  [ntdll.dll+0x5af28]

VM_Operation (0x000000b7a4ff71f0): G1CollectForAllocation, mode: safepoint, requested by thread 0x00000286cc339630


---------------  P R O C E S S  ---------------

Threads class SMR info:
_java_thread_list=0x00000286eb458f90, length=20, elements={
0x00000286cc339630, 0x00000286e5063020, 0x00000286e5006460, 0x00000286e504e5d0,
0x00000286e506c080, 0x00000286e506cc40, 0x00000286e5071b20, 0x00000286e5087a90,
0x00000286e5093480, 0x00000286e5093d90, 0x00000286e51f3f10, 0x00000286e5208010,
0x00000286e560e870, 0x00000286e56104d0, 0x00000286e5caf030, 0x00000286ebd133a0,
0x00000286eb4ee920, 0x00000286ea875070, 0x00000286e5582a80, 0x00000286ea789b90
}

Java Threads: ( => current thread )
  0x00000286cc339630 JavaThread "main" [_thread_blocked, id=20552, stack(0x000000b7a4f00000,0x000000b7a5000000)]
  0x00000286e5063020 JavaThread "Reference Handler" daemon [_thread_blocked, id=18136, stack(0x000000b7a5600000,0x000000b7a5700000)]
  0x00000286e5006460 JavaThread "Finalizer" daemon [_thread_blocked, id=17352, stack(0x000000b7a5700000,0x000000b7a5800000)]
  0x00000286e504e5d0 JavaThread "Signal Dispatcher" daemon [_thread_blocked, id=3632, stack(0x000000b7a5800000,0x000000b7a5900000)]
  0x00000286e506c080 JavaThread "Attach Listener" daemon [_thread_blocked, id=21824, stack(0x000000b7a5900000,0x000000b7a5a00000)]
  0x00000286e506cc40 JavaThread "Service Thread" daemon [_thread_blocked, id=4176, stack(0x000000b7a5a00000,0x000000b7a5b00000)]
  0x00000286e5071b20 JavaThread "Monitor Deflation Thread" daemon [_thread_blocked, id=13916, stack(0x000000b7a5b00000,0x000000b7a5c00000)]
  0x00000286e5087a90 JavaThread "C2 CompilerThread0" daemon [_thread_blocked, id=7956, stack(0x000000b7a5c00000,0x000000b7a5d00000)]
  0x00000286e5093480 JavaThread "C1 CompilerThread0" daemon [_thread_blocked, id=4920, stack(0x000000b7a5d00000,0x000000b7a5e00000)]
  0x00000286e5093d90 JavaThread "Sweeper thread" daemon [_thread_blocked, id=21672, stack(0x000000b7a5e00000,0x000000b7a5f00000)]
  0x00000286e51f3f10 JavaThread "Notification Thread" daemon [_thread_blocked, id=6976, stack(0x000000b7a5f00000,0x000000b7a6000000)]
  0x00000286e5208010 JavaThread "Common-Cleaner" daemon [_thread_blocked, id=5596, stack(0x000000b7a6100000,0x000000b7a6200000)]
  0x00000286e560e870 JavaThread "surefire-forkedjvm-stream-flusher" daemon [_thread_blocked, id=16988, stack(0x000000b7a6200000,0x000000b7a6300000)]
  0x00000286e56104d0 JavaThread "surefire-forkedjvm-command-thread" daemon [_thread_in_native, id=4612, stack(0x000000b7a6300000,0x000000b7a6400000)]
  0x00000286e5caf030 JavaThread "mysql-cj-abandoned-connection-cleanup" daemon [_thread_blocked, id=12776, stack(0x000000b7a6c00000,0x000000b7a6d00000)]
  0x00000286ebd133a0 JavaThread "oracle.jdbc.driver.BlockSource.ThreadedCachingBlockSource.BlockReleaser" daemon [_thread_blocked, id=7976, stack(0x000000b7a6d00000,0x000000b7a6e00000)]
  0x00000286eb4ee920 JavaThread "InterruptTimer" daemon [_thread_blocked, id=24968, stack(0x000000b7a6e00000,0x000000b7a6f00000)]
  0x00000286ea875070 JavaThread "OJDBC-WORKER-THREAD-1" daemon [_thread_blocked, id=18368, stack(0x000000b7a6f00000,0x000000b7a7000000)]
  0x00000286e5582a80 JavaThread "HikariPool-1 housekeeper" daemon [_thread_blocked, id=24596, stack(0x000000b7a7000000,0x000000b7a7100000)]
  0x00000286ea789b90 JavaThread "C2 CompilerThread1" daemon [_thread_in_native, id=13652, stack(0x000000b7a7300000,0x000000b7a7400000)]

Other Threads:
=>0x00000286e4ffd7a0 VMThread "VM Thread" [stack: 0x000000b7a5500000,0x000000b7a5600000] [id=16700]
  0x00000286e51f43f0 WatcherThread [stack: 0x000000b7a6000000,0x000000b7a6100000] [id=11884]
  0x00000286cc387530 GCTaskThread "GC Thread#0" [stack: 0x000000b7a5000000,0x000000b7a5100000] [id=23888]
  0x00000286ea0f25a0 GCTaskThread "GC Thread#1" [stack: 0x000000b7a6400000,0x000000b7a6500000] [id=22124]
  0x00000286e5cb7290 GCTaskThread "GC Thread#2" [stack: 0x000000b7a6500000,0x000000b7a6600000] [id=20460]
  0x00000286ea3eb1d0 GCTaskThread "GC Thread#3" [stack: 0x000000b7a6600000,0x000000b7a6700000] [id=20016]
  0x00000286ea442680 GCTaskThread "GC Thread#4" [stack: 0x000000b7a6700000,0x000000b7a6800000] [id=6820]
  0x00000286ea443150 GCTaskThread "GC Thread#5" [stack: 0x000000b7a6800000,0x000000b7a6900000] [id=20232]
  0x00000286ea645840 GCTaskThread "GC Thread#6" [stack: 0x000000b7a6900000,0x000000b7a6a00000] [id=23052]
  0x00000286ea5c8d50 GCTaskThread "GC Thread#7" [stack: 0x000000b7a6a00000,0x000000b7a6b00000] [id=20196]
  0x00000286cc395310 ConcurrentGCThread "G1 Main Marker" [stack: 0x000000b7a5100000,0x000000b7a5200000] [id=18300]
  0x00000286cc3964d0 ConcurrentGCThread "G1 Conc#0" [stack: 0x000000b7a5200000,0x000000b7a5300000] [id=3824]
  0x00000286ea9101d0 ConcurrentGCThread "G1 Conc#1" [stack: 0x000000b7a6b00000,0x000000b7a6c00000] [id=24036]
  0x00000286cc3e7820 ConcurrentGCThread "G1 Refine#0" [stack: 0x000000b7a5300000,0x000000b7a5400000] [id=15980]
  0x00000286ea798630 ConcurrentGCThread "G1 Refine#1" [stack: 0x000000b7a7100000,0x000000b7a7200000] [id=23936]
  0x00000286e578caa0 ConcurrentGCThread "G1 Refine#2" [stack: 0x000000b7a7200000,0x000000b7a7300000] [id=25112]
  0x00000286cc3e8250 ConcurrentGCThread "G1 Service" [stack: 0x000000b7a5400000,0x000000b7a5500000] [id=15016]

Threads with active compile tasks:
C2 CompilerThread0    33914 5907       4       org.springframework.core.SerializableTypeWrapper::unwrap (36 bytes)
C2 CompilerThread1    33914 5852       4       java.lang.Class::descriptorString (170 bytes)

VM state: at safepoint (normal execution)

VM Mutex/Monitor currently owned by a thread:  ([mutex/lock_event])
[0x00000286cc333e80] Threads_lock - owner thread: 0x00000286e4ffd7a0
[0x00000286cc332b60] Heap_lock - owner thread: 0x00000286cc339630

Heap address: 0x00000000a0c00000, size: 1524 MB, Compressed Oops mode: 32-bit

CDS archive(s) not mapped
Compressed class space mapped at: 0x0000000100000000-0x0000000140000000, reserved size: 1073741824
Narrow klass base: 0x0000000000000000, Narrow klass shift: 3, Narrow klass range: 0x140000000

GC Precious Log:
 CPUs: 8 total, 8 available
 Memory: 6091M
 Large Page Support: Disabled
 NUMA Support: Disabled
 Compressed Oops: Enabled (32-bit)
 Heap Region Size: 1M
 Heap Min Capacity: 8M
 Heap Initial Capacity: 96M
 Heap Max Capacity: 1524M
 Pre-touch: Disabled
 Parallel Workers: 8
 Concurrent Workers: 2
 Concurrent Refinement Workers: 8
 Periodic GC: Disabled

Heap:
 garbage-first heap   total 99328K, used 34106K [0x00000000a0c00000, 0x0000000100000000)
  region size 1024K, 1 young (1024K), 1 survivors (1024K)
 Metaspace       used 74104K, committed 74624K, reserved 1179648K
  class space    used 9717K, committed 9920K, reserved 1048576K

Heap Regions: E=young(eden), S=young(survivor), O=old, HS=humongous(starts), HC=humongous(continues), CS=collection set, F=free, OA=open archive, CA=closed archive, TAMS=top-at-mark-start (previous, next)
|   0|0x00000000a0c00000, 0x00000000a0d00000, 0x00000000a0d00000|100%|HS|  |TAMS 0x00000000a0d00000, 0x00000000a0c00000| Complete 
|   1|0x00000000a0d00000, 0x00000000a0e00000, 0x00000000a0e00000|100%| O|  |TAMS 0x00000000a0e00000, 0x00000000a0d00000| Untracked 
|   2|0x00000000a0e00000, 0x00000000a0f00000, 0x00000000a0f00000|100%| O|  |TAMS 0x00000000a0f00000, 0x00000000a0e00000| Untracked 
|   3|0x00000000a0f00000, 0x00000000a1000000, 0x00000000a1000000|100%| O|  |TAMS 0x00000000a1000000, 0x00000000a0f00000| Untracked 
|   4|0x00000000a1000000, 0x00000000a1100000, 0x00000000a1100000|100%| O|  |TAMS 0x00000000a1100000, 0x00000000a1000000| Untracked 
|   5|0x00000000a1100000, 0x00000000a1200000, 0x00000000a1200000|100%| O|  |TAMS 0x00000000a1200000, 0x00000000a1100000| Untracked 
|   6|0x00000000a1200000, 0x00000000a1300000, 0x00000000a1300000|100%| O|  |TAMS 0x00000000a1300000, 0x00000000a1200000| Untracked 
|   7|0x00000000a1300000, 0x00000000a1400000, 0x00000000a1400000|100%| O|  |TAMS 0x00000000a1400000, 0x00000000a1300000| Untracked 
|   8|0x00000000a1400000, 0x00000000a1500000, 0x00000000a1500000|100%| O|  |TAMS 0x00000000a1500000, 0x00000000a1400000| Untracked 
|   9|0x00000000a1500000, 0x00000000a1500000, 0x00000000a1600000|  0%| F|  |TAMS 0x00000000a1500000, 0x00000000a1500000| Untracked 
|  10|0x00000000a1600000, 0x00000000a1700000, 0x00000000a1700000|100%| O|  |TAMS 0x00000000a1700000, 0x00000000a1600000| Untracked 
|  11|0x00000000a1700000, 0x00000000a1800000, 0x00000000a1800000|100%| O|  |TAMS 0x00000000a1800000, 0x00000000a1700000| Untracked 
|  12|0x00000000a1800000, 0x00000000a1900000, 0x00000000a1900000|100%| O|  |TAMS 0x00000000a1900000, 0x00000000a1800000| Untracked 
|  13|0x00000000a1900000, 0x00000000a1a00000, 0x00000000a1a00000|100%| O|  |TAMS 0x00000000a1a00000, 0x00000000a1900000| Untracked 
|  14|0x00000000a1a00000, 0x00000000a1b00000, 0x00000000a1b00000|100%| O|  |TAMS 0x00000000a1b00000, 0x00000000a1a00000| Untracked 
|  15|0x00000000a1b00000, 0x00000000a1c00000, 0x00000000a1c00000|100%| O|  |TAMS 0x00000000a1c00000, 0x00000000a1b00000| Untracked 
|  16|0x00000000a1c00000, 0x00000000a1d00000, 0x00000000a1d00000|100%| O|  |TAMS 0x00000000a1d00000, 0x00000000a1c00000| Untracked 
|  17|0x00000000a1d00000, 0x00000000a1e00000, 0x00000000a1e00000|100%| O|  |TAMS 0x00000000a1e00000, 0x00000000a1d00000| Untracked 
|  18|0x00000000a1e00000, 0x00000000a1f00000, 0x00000000a1f00000|100%| O|  |TAMS 0x00000000a1f00000, 0x00000000a1e00000| Untracked 
|  19|0x00000000a1f00000, 0x00000000a2000000, 0x00000000a2000000|100%| O|  |TAMS 0x00000000a2000000, 0x00000000a1f00000| Untracked 
|  20|0x00000000a2000000, 0x00000000a2100000, 0x00000000a2100000|100%| O|  |TAMS 0x00000000a2100000, 0x00000000a2000000| Untracked 
|  21|0x00000000a2100000, 0x00000000a2200000, 0x00000000a2200000|100%| O|  |TAMS 0x00000000a2200000, 0x00000000a2100000| Untracked 
|  22|0x00000000a2200000, 0x00000000a2300000, 0x00000000a2300000|100%| O|  |TAMS 0x00000000a2300000, 0x00000000a2200000| Untracked 
|  23|0x00000000a2300000, 0x00000000a2400000, 0x00000000a2400000|100%| O|  |TAMS 0x00000000a2400000, 0x00000000a2300000| Untracked 
|  24|0x00000000a2400000, 0x00000000a2500000, 0x00000000a2500000|100%| O|  |TAMS 0x00000000a2500000, 0x00000000a2400000| Untracked 
|  25|0x00000000a2500000, 0x00000000a2600000, 0x00000000a2600000|100%| O|  |TAMS 0x00000000a2600000, 0x00000000a2500000| Untracked 
|  26|0x00000000a2600000, 0x00000000a2600000, 0x00000000a2700000|  0%| F|  |TAMS 0x00000000a2600000, 0x00000000a2600000| Untracked 
|  27|0x00000000a2700000, 0x00000000a2700000, 0x00000000a2800000|  0%| F|  |TAMS 0x00000000a2700000, 0x00000000a2700000| Untracked 
|  28|0x00000000a2800000, 0x00000000a2800000, 0x00000000a2900000|  0%| F|  |TAMS 0x00000000a2800000, 0x00000000a2800000| Untracked 
|  29|0x00000000a2900000, 0x00000000a2900000, 0x00000000a2a00000|  0%| F|  |TAMS 0x00000000a2900000, 0x00000000a2900000| Untracked 
|  30|0x00000000a2a00000, 0x00000000a2a00000, 0x00000000a2b00000|  0%| F|  |TAMS 0x00000000a2a00000, 0x00000000a2a00000| Untracked 
|  31|0x00000000a2b00000, 0x00000000a2b00000, 0x00000000a2c00000|  0%| F|  |TAMS 0x00000000a2b00000, 0x00000000a2b00000| Untracked 
|  32|0x00000000a2c00000, 0x00000000a2c00000, 0x00000000a2d00000|  0%| F|  |TAMS 0x00000000a2c00000, 0x00000000a2c00000| Untracked 
|  33|0x00000000a2d00000, 0x00000000a2dd2800, 0x00000000a2e00000| 82%| O|  |TAMS 0x00000000a2d00000, 0x00000000a2d00000| Untracked 
|  34|0x00000000a2e00000, 0x00000000a2e00000, 0x00000000a2f00000|  0%| F|  |TAMS 0x00000000a2e00000, 0x00000000a2e00000| Untracked 
|  35|0x00000000a2f00000, 0x00000000a2f00000, 0x00000000a3000000|  0%| F|  |TAMS 0x00000000a2f00000, 0x00000000a2f00000| Untracked 
|  36|0x00000000a3000000, 0x00000000a3100000, 0x00000000a3100000|100%| O|  |TAMS 0x00000000a3100000, 0x00000000a3000000| Untracked 
|  37|0x00000000a3100000, 0x00000000a3200000, 0x00000000a3200000|100%| O|  |TAMS 0x00000000a3200000, 0x00000000a3100000| Untracked 
|  38|0x00000000a3200000, 0x00000000a3300000, 0x00000000a3300000|100%| O|  |TAMS 0x00000000a3300000, 0x00000000a3200000| Untracked 
|  39|0x00000000a3300000, 0x00000000a3400000, 0x00000000a3400000|100%| O|  |TAMS 0x00000000a3400000, 0x00000000a3300000| Untracked 
|  40|0x00000000a3400000, 0x00000000a3500000, 0x00000000a3500000|100%| O|  |TAMS 0x00000000a3500000, 0x00000000a3400000| Untracked 
|  41|0x00000000a3500000, 0x00000000a3500000, 0x00000000a3600000|  0%| F|  |TAMS 0x00000000a3500000, 0x00000000a3500000| Untracked 
|  42|0x00000000a3600000, 0x00000000a3600000, 0x00000000a3700000|  0%| F|  |TAMS 0x00000000a3600000, 0x00000000a3600000| Untracked 
|  43|0x00000000a3700000, 0x00000000a3700000, 0x00000000a3800000|  0%| F|  |TAMS 0x00000000a3700000, 0x00000000a3700000| Untracked 
|  44|0x00000000a3800000, 0x00000000a3800000, 0x00000000a3900000|  0%| F|  |TAMS 0x00000000a3800000, 0x00000000a3800000| Untracked 
|  45|0x00000000a3900000, 0x00000000a3900000, 0x00000000a3a00000|  0%| F|  |TAMS 0x00000000a3900000, 0x00000000a3900000| Untracked 
|  46|0x00000000a3a00000, 0x00000000a3a00000, 0x00000000a3b00000|  0%| F|  |TAMS 0x00000000a3a00000, 0x00000000a3a00000| Untracked 
|  47|0x00000000a3b00000, 0x00000000a3b00000, 0x00000000a3c00000|  0%| F|  |TAMS 0x00000000a3b00000, 0x00000000a3b00000| Untracked 
|  48|0x00000000a3c00000, 0x00000000a3c00000, 0x00000000a3d00000|  0%| F|  |TAMS 0x00000000a3c00000, 0x00000000a3c00000| Untracked 
|  49|0x00000000a3d00000, 0x00000000a3d00000, 0x00000000a3e00000|  0%| F|  |TAMS 0x00000000a3d00000, 0x00000000a3d00000| Untracked 
|  50|0x00000000a3e00000, 0x00000000a3e00000, 0x00000000a3f00000|  0%| F|  |TAMS 0x00000000a3e00000, 0x00000000a3e00000| Untracked 
|  51|0x00000000a3f00000, 0x00000000a3f00000, 0x00000000a4000000|  0%| F|  |TAMS 0x00000000a3f00000, 0x00000000a3f00000| Untracked 
|  52|0x00000000a4000000, 0x00000000a4000000, 0x00000000a4100000|  0%| F|  |TAMS 0x00000000a4000000, 0x00000000a4000000| Untracked 
|  53|0x00000000a4100000, 0x00000000a4200000, 0x00000000a4200000|100%| O|  |TAMS 0x00000000a4100000, 0x00000000a4100000| Untracked 
|  54|0x00000000a4200000, 0x00000000a4300000, 0x00000000a4300000|100%| O|  |TAMS 0x00000000a4200000, 0x00000000a4200000| Untracked 
|  55|0x00000000a4300000, 0x00000000a4300000, 0x00000000a4400000|  0%| F|  |TAMS 0x00000000a4300000, 0x00000000a4300000| Untracked 
|  56|0x00000000a4400000, 0x00000000a4400000, 0x00000000a4500000|  0%| F|  |TAMS 0x00000000a4400000, 0x00000000a4400000| Untracked 
|  57|0x00000000a4500000, 0x00000000a4500000, 0x00000000a4600000|  0%| F|  |TAMS 0x00000000a4500000, 0x00000000a4500000| Untracked 
|  58|0x00000000a4600000, 0x00000000a4600000, 0x00000000a4700000|  0%| F|  |TAMS 0x00000000a4600000, 0x00000000a4600000| Untracked 
|  59|0x00000000a4700000, 0x00000000a4700000, 0x00000000a4800000|  0%| F|  |TAMS 0x00000000a4700000, 0x00000000a4700000| Untracked 
|  60|0x00000000a4800000, 0x00000000a4800000, 0x00000000a4900000|  0%| F|  |TAMS 0x00000000a4800000, 0x00000000a4800000| Untracked 
|  61|0x00000000a4900000, 0x00000000a4900000, 0x00000000a4a00000|  0%| F|  |TAMS 0x00000000a4900000, 0x00000000a4900000| Untracked 
|  62|0x00000000a4a00000, 0x00000000a4a00000, 0x00000000a4b00000|  0%| F|  |TAMS 0x00000000a4a00000, 0x00000000a4a00000| Untracked 
|  63|0x00000000a4b00000, 0x00000000a4b00000, 0x00000000a4c00000|  0%| F|  |TAMS 0x00000000a4b00000, 0x00000000a4b00000| Untracked 
|  64|0x00000000a4c00000, 0x00000000a4c00000, 0x00000000a4d00000|  0%| F|  |TAMS 0x00000000a4c00000, 0x00000000a4c00000| Untracked 
|  65|0x00000000a4d00000, 0x00000000a4d00000, 0x00000000a4e00000|  0%| F|  |TAMS 0x00000000a4d00000, 0x00000000a4d00000| Untracked 
|  66|0x00000000a4e00000, 0x00000000a4e00000, 0x00000000a4f00000|  0%| F|  |TAMS 0x00000000a4e00000, 0x00000000a4e00000| Untracked 
|  67|0x00000000a4f00000, 0x00000000a4f00000, 0x00000000a5000000|  0%| F|  |TAMS 0x00000000a4f00000, 0x00000000a4f00000| Untracked 
|  68|0x00000000a5000000, 0x00000000a5000000, 0x00000000a5100000|  0%| F|  |TAMS 0x00000000a5000000, 0x00000000a5000000| Untracked 
|  69|0x00000000a5100000, 0x00000000a5100000, 0x00000000a5200000|  0%| F|  |TAMS 0x00000000a5100000, 0x00000000a5100000| Untracked 
|  70|0x00000000a5200000, 0x00000000a5200000, 0x00000000a5300000|  0%| F|  |TAMS 0x00000000a5200000, 0x00000000a5200000| Untracked 
|  71|0x00000000a5300000, 0x00000000a5300000, 0x00000000a5400000|  0%| F|  |TAMS 0x00000000a5300000, 0x00000000a5300000| Untracked 
|  72|0x00000000a5400000, 0x00000000a5400000, 0x00000000a5500000|  0%| F|  |TAMS 0x00000000a5400000, 0x00000000a5400000| Untracked 
|  73|0x00000000a5500000, 0x00000000a5500000, 0x00000000a5600000|  0%| F|  |TAMS 0x00000000a5500000, 0x00000000a5500000| Untracked 
|  74|0x00000000a5600000, 0x00000000a5600000, 0x00000000a5700000|  0%| F|  |TAMS 0x00000000a5600000, 0x00000000a5600000| Untracked 
|  75|0x00000000a5700000, 0x00000000a5700000, 0x00000000a5800000|  0%| F|  |TAMS 0x00000000a5700000, 0x00000000a5700000| Untracked 
|  76|0x00000000a5800000, 0x00000000a5800000, 0x00000000a5900000|  0%| F|  |TAMS 0x00000000a5800000, 0x00000000a5800000| Untracked 
|  77|0x00000000a5900000, 0x00000000a5900000, 0x00000000a5a00000|  0%| F|  |TAMS 0x00000000a5900000, 0x00000000a5900000| Untracked 
|  78|0x00000000a5a00000, 0x00000000a5a00000, 0x00000000a5b00000|  0%| F|  |TAMS 0x00000000a5a00000, 0x00000000a5a00000| Untracked 
|  79|0x00000000a5b00000, 0x00000000a5b00000, 0x00000000a5c00000|  0%| F|  |TAMS 0x00000000a5b00000, 0x00000000a5b00000| Untracked 
|  80|0x00000000a5c00000, 0x00000000a5c00000, 0x00000000a5d00000|  0%| F|  |TAMS 0x00000000a5c00000, 0x00000000a5c00000| Untracked 
|  81|0x00000000a5d00000, 0x00000000a5d00000, 0x00000000a5e00000|  0%| F|  |TAMS 0x00000000a5d00000, 0x00000000a5d00000| Untracked 
|  82|0x00000000a5e00000, 0x00000000a5e00000, 0x00000000a5f00000|  0%| F|  |TAMS 0x00000000a5e00000, 0x00000000a5e00000| Untracked 
|  83|0x00000000a5f00000, 0x00000000a5f00000, 0x00000000a6000000|  0%| F|  |TAMS 0x00000000a5f00000, 0x00000000a5f00000| Untracked 
|  84|0x00000000a6000000, 0x00000000a6000000, 0x00000000a6100000|  0%| F|  |TAMS 0x00000000a6000000, 0x00000000a6000000| Untracked 
|  85|0x00000000a6100000, 0x00000000a6100000, 0x00000000a6200000|  0%| F|  |TAMS 0x00000000a6100000, 0x00000000a6100000| Untracked 
|  86|0x00000000a6200000, 0x00000000a6200000, 0x00000000a6300000|  0%| F|  |TAMS 0x00000000a6200000, 0x00000000a6200000| Untracked 
|  87|0x00000000a6300000, 0x00000000a6300000, 0x00000000a6400000|  0%| F|  |TAMS 0x00000000a6300000, 0x00000000a6300000| Untracked 
|  88|0x00000000a6400000, 0x00000000a6400000, 0x00000000a6500000|  0%| F|  |TAMS 0x00000000a6400000, 0x00000000a6400000| Untracked 
|  89|0x00000000a6500000, 0x00000000a6500000, 0x00000000a6600000|  0%| F|  |TAMS 0x00000000a6500000, 0x00000000a6500000| Untracked 
|  90|0x00000000a6600000, 0x00000000a6600000, 0x00000000a6700000|  0%| F|  |TAMS 0x00000000a6600000, 0x00000000a6600000| Untracked 
|  91|0x00000000a6700000, 0x00000000a677c360, 0x00000000a6800000| 48%| S|CS|TAMS 0x00000000a6700000, 0x00000000a6700000| Complete 
|  92|0x00000000a6800000, 0x00000000a6800000, 0x00000000a6900000|  0%| F|  |TAMS 0x00000000a6800000, 0x00000000a6800000| Untracked 
|  93|0x00000000a6900000, 0x00000000a6900000, 0x00000000a6a00000|  0%| F|  |TAMS 0x00000000a6900000, 0x00000000a6900000| Untracked 
|  94|0x00000000a6a00000, 0x00000000a6a00000, 0x00000000a6b00000|  0%| F|  |TAMS 0x00000000a6a00000, 0x00000000a6a00000| Untracked 
|  95|0x00000000a6b00000, 0x00000000a6b00000, 0x00000000a6c00000|  0%| F|  |TAMS 0x00000000a6b00000, 0x00000000a6b00000| Untracked 
|1523|0x00000000fff00000, 0x00000000fff00000, 0x0000000100000000|  0%| F|  |TAMS 0x00000000fff00000, 0x00000000fff00000| Untracked 

Card table byte_map: [0x00000286df030000,0x00000286df330000] _byte_map_base: 0x00000286deb2a000

Marking Bits (Prev, Next): (CMBitMap*) 0x00000286cc388ba0, (CMBitMap*) 0x00000286cc388b60
 Prev Bits: [0x00000286e0e00000, 0x00000286e25d0000)
 Next Bits: [0x00000286df630000, 0x00000286e0e00000)

Polling page: 0x00000286ca250000

Metaspace:

Usage:
  Non-class:     62.88 MB used.
      Class:      9.49 MB used.
       Both:     72.37 MB used.

Virtual space:
  Non-class space:      128.00 MB reserved,      63.19 MB ( 49%) committed,  2 nodes.
      Class space:        1.00 GB reserved,       9.69 MB ( <1%) committed,  1 nodes.
             Both:        1.12 GB reserved,      72.88 MB (  6%) committed. 

Chunk freelists:
   Non-Class:  15.91 MB
       Class:  6.25 MB
        Both:  22.16 MB

MaxMetaspaceSize: unlimited
CompressedClassSpaceSize: 1.00 GB
Initial GC threshold: 21.00 MB
Current GC threshold: 116.81 MB
CDS: off
MetaspaceReclaimPolicy: balanced
 - commit_granule_bytes: 65536.
 - commit_granule_words: 8192.
 - virtual_space_node_default_size: 8388608.
 - enlarge_chunks_in_place: 1.
 - new_chunks_are_fully_committed: 0.
 - uncommit_free_chunks: 1.
 - use_allocation_guard: 0.
 - handle_deallocations: 1.


Internal statistics:

num_allocs_failed_limit: 9.
num_arena_births: 722.
num_arena_deaths: 0.
num_vsnodes_births: 3.
num_vsnodes_deaths: 0.
num_space_committed: 1166.
num_space_uncommitted: 0.
num_chunks_returned_to_freelist: 9.
num_chunks_taken_from_freelist: 3064.
num_chunk_merges: 6.
num_chunk_splits: 2218.
num_chunks_enlarged: 1729.
num_inconsistent_stats: 0.

CodeHeap 'non-profiled nmethods': size=120000Kb used=3472Kb max_used=3472Kb free=116527Kb
 bounds [0x00000286d74d0000, 0x00000286d7840000, 0x00000286dea00000]
CodeHeap 'profiled nmethods': size=120000Kb used=9866Kb max_used=11153Kb free=110133Kb
 bounds [0x00000286cfa00000, 0x00000286d04f0000, 0x00000286d6f30000]
CodeHeap 'non-nmethods': size=5760Kb used=1356Kb max_used=1419Kb free=4403Kb
 bounds [0x00000286d6f30000, 0x00000286d71a0000, 0x00000286d74d0000]
 total_blobs=5821 nmethods=5126 adapters=606
 compilation: enabled
              stopped_count=0, restarted_count=0
 full_count=0

Compilation events (20 events):
Event: 33.764 Thread 0x00000286ea789b90 nmethod 5875 0x00000286d7828910 code [0x00000286d7828aa0, 0x00000286d7828c08]
Event: 33.764 Thread 0x00000286ea789b90 5876       4       org.springframework.util.ConcurrentReferenceHashMap$Segment::getIndex (7 bytes)
Event: 33.766 Thread 0x00000286ea789b90 nmethod 5876 0x00000286d7828d90 code [0x00000286d7828f00, 0x00000286d7828f98]
Event: 33.766 Thread 0x00000286ea789b90 5878       4       org.springframework.core.annotation.TypeMappedAnnotations::get (52 bytes)
Event: 33.773 Thread 0x00000286e5093480 5904       3       org.springframework.data.util.Streamable::stream (11 bytes)
Event: 33.773 Thread 0x00000286e5093480 nmethod 5904 0x00000286cffd6210 code [0x00000286cffd63c0, 0x00000286cffd65b8]
Event: 33.785 Thread 0x00000286ea789b90 nmethod 5878 0x00000286d7829090 code [0x00000286d7829260, 0x00000286d7829858]
Event: 33.785 Thread 0x00000286ea789b90 5903       4       jdk.internal.org.objectweb.asm.MethodWriter::visitVarInsn (302 bytes)
Event: 33.804 Thread 0x00000286ea789b90 nmethod 5903 0x00000286d7829d10 code [0x00000286d7829ee0, 0x00000286d782aaa8]
Event: 33.804 Thread 0x00000286ea789b90 5854       4       jdk.internal.org.objectweb.asm.Attribute::putAttributes (78 bytes)
Event: 33.806 Thread 0x00000286ea789b90 nmethod 5854 0x00000286d782b010 code [0x00000286d782b180, 0x00000286d782b258]
Event: 33.806 Thread 0x00000286ea789b90 5852       4       java.lang.Class::descriptorString (170 bytes)
Event: 33.810 Thread 0x00000286e5087a90 nmethod 5851 0x00000286d782b310 code [0x00000286d782b6e0, 0x00000286d78309a8]
Event: 33.813 Thread 0x00000286e5087a90 5905       4       java.lang.invoke.TypeConvertingMethodAdapter::descriptorToName (36 bytes)
Event: 33.826 Thread 0x00000286e5087a90 nmethod 5905 0x00000286d7833190 code [0x00000286d7833340, 0x00000286d7833998]
Event: 33.826 Thread 0x00000286e5087a90 5877       4       java.util.stream.Sink::begin (1 bytes)
Event: 33.827 Thread 0x00000286e5087a90 nmethod 5877 0x00000286d7833d90 code [0x00000286d7833f00, 0x00000286d7833f78]
Event: 33.829 Thread 0x00000286e5093480 5906       3       java.lang.Class::getTypeParameters (19 bytes)
Event: 33.829 Thread 0x00000286e5087a90 5907       4       org.springframework.core.SerializableTypeWrapper::unwrap (36 bytes)
Event: 33.830 Thread 0x00000286e5093480 nmethod 5906 0x00000286cffd5910 code [0x00000286cffd5b00, 0x00000286cffd60a8]

GC Heap History (20 events):
Event: 21.265 GC heap after
{Heap after GC invocations=18 (full 0):
 garbage-first heap   total 58368K, used 26811K [0x00000000a0c00000, 0x0000000100000000)
  region size 1024K, 2 young (2048K), 2 survivors (2048K)
 Metaspace       used 70114K, committed 70592K, reserved 1114112K
  class space    used 9191K, committed 9408K, reserved 1048576K
}
Event: 27.983 GC heap before
{Heap before GC invocations=18 (full 0):
 garbage-first heap   total 58368K, used 46267K [0x00000000a0c00000, 0x0000000100000000)
  region size 1024K, 21 young (21504K), 2 survivors (2048K)
 Metaspace       used 70988K, committed 71488K, reserved 1114112K
  class space    used 9337K, committed 9600K, reserved 1048576K
}
Event: 28.007 GC heap after
{Heap after GC invocations=19 (full 0):
 garbage-first heap   total 59392K, used 37020K [0x00000000a0c00000, 0x0000000100000000)
  region size 1024K, 3 young (3072K), 3 survivors (3072K)
 Metaspace       used 70988K, committed 71488K, reserved 1114112K
  class space    used 9337K, committed 9600K, reserved 1048576K
}
Event: 28.166 GC heap before
{Heap before GC invocations=20 (full 0):
 garbage-first heap   total 66560K, used 45212K [0x00000000a0c00000, 0x0000000100000000)
  region size 1024K, 11 young (11264K), 3 survivors (3072K)
 Metaspace       used 70991K, committed 71488K, reserved 1114112K
  class space    used 9337K, committed 9600K, reserved 1048576K
}
Event: 28.183 GC heap after
{Heap after GC invocations=21 (full 0):
 garbage-first heap   total 66560K, used 41148K [0x00000000a0c00000, 0x0000000100000000)
  region size 1024K, 2 young (2048K), 2 survivors (2048K)
 Metaspace       used 70991K, committed 71488K, reserved 1114112K
  class space    used 9337K, committed 9600K, reserved 1048576K
}
Event: 28.322 GC heap before
{Heap before GC invocations=21 (full 0):
 garbage-first heap   total 66560K, used 49340K [0x00000000a0c00000, 0x0000000100000000)
  region size 1024K, 10 young (10240K), 2 survivors (2048K)
 Metaspace       used 70991K, committed 71488K, reserved 1114112K
  class space    used 9337K, committed 9600K, reserved 1048576K
}
Event: 28.338 GC heap after
{Heap after GC invocations=22 (full 0):
 garbage-first heap   total 66560K, used 45756K [0x00000000a0c00000, 0x0000000100000000)
  region size 1024K, 2 young (2048K), 2 survivors (2048K)
 Metaspace       used 70991K, committed 71488K, reserved 1114112K
  class space    used 9337K, committed 9600K, reserved 1048576K
}
Event: 28.439 GC heap before
{Heap before GC invocations=23 (full 0):
 garbage-first heap   total 81920K, used 50876K [0x00000000a0c00000, 0x0000000100000000)
  region size 1024K, 7 young (7168K), 2 survivors (2048K)
 Metaspace       used 70991K, committed 71488K, reserved 1114112K
  class space    used 9337K, committed 9600K, reserved 1048576K
}
Event: 28.450 GC heap after
{Heap after GC invocations=24 (full 0):
 garbage-first heap   total 81920K, used 48748K [0x00000000a0c00000, 0x0000000100000000)
  region size 1024K, 1 young (1024K), 1 survivors (1024K)
 Metaspace       used 70991K, committed 71488K, reserved 1114112K
  class space    used 9337K, committed 9600K, reserved 1048576K
}
Event: 28.594 GC heap before
{Heap before GC invocations=24 (full 0):
 garbage-first heap   total 81920K, used 58988K [0x00000000a0c00000, 0x0000000100000000)
  region size 1024K, 11 young (11264K), 1 survivors (1024K)
 Metaspace       used 70991K, committed 71488K, reserved 1114112K
  class space    used 9337K, committed 9600K, reserved 1048576K
}
Event: 28.608 GC heap after
{Heap after GC invocations=25 (full 0):
 garbage-first heap   total 81920K, used 54176K [0x00000000a0c00000, 0x0000000100000000)
  region size 1024K, 2 young (2048K), 2 survivors (2048K)
 Metaspace       used 70991K, committed 71488K, reserved 1114112K
  class space    used 9337K, committed 9600K, reserved 1048576K
}
Event: 28.916 GC heap before
{Heap before GC invocations=26 (full 0):
 garbage-first heap   total 99328K, used 62368K [0x00000000a0c00000, 0x0000000100000000)
  region size 1024K, 10 young (10240K), 2 survivors (2048K)
 Metaspace       used 71114K, committed 71680K, reserved 1114112K
  class space    used 9342K, committed 9600K, reserved 1048576K
}
Event: 28.927 GC heap after
{Heap after GC invocations=27 (full 0):
 garbage-first heap   total 99328K, used 56040K [0x00000000a0c00000, 0x0000000100000000)
  region size 1024K, 2 young (2048K), 2 survivors (2048K)
 Metaspace       used 71114K, committed 71680K, reserved 1114112K
  class space    used 9342K, committed 9600K, reserved 1048576K
}
Event: 30.201 GC heap before
{Heap before GC invocations=27 (full 0):
 garbage-first heap   total 99328K, used 70376K [0x00000000a0c00000, 0x0000000100000000)
  region size 1024K, 16 young (16384K), 2 survivors (2048K)
 Metaspace       used 71153K, committed 71744K, reserved 1114112K
  class space    used 9342K, committed 9600K, reserved 1048576K
}
Event: 30.205 GC heap after
{Heap after GC invocations=28 (full 0):
 garbage-first heap   total 99328K, used 56277K [0x00000000a0c00000, 0x0000000100000000)
  region size 1024K, 1 young (1024K), 1 survivors (1024K)
 Metaspace       used 71153K, committed 71744K, reserved 1114112K
  class space    used 9342K, committed 9600K, reserved 1048576K
}
Event: 33.293 GC heap before
{Heap before GC invocations=29 (full 0):
 garbage-first heap   total 99328K, used 60373K [0x00000000a0c00000, 0x0000000100000000)
  region size 1024K, 16 young (16384K), 1 survivors (1024K)
 Metaspace       used 73097K, committed 73600K, reserved 1114112K
  class space    used 9533K, committed 9792K, reserved 1048576K
}
Event: 33.297 GC heap after
{Heap after GC invocations=30 (full 0):
 garbage-first heap   total 99328K, used 46767K [0x00000000a0c00000, 0x0000000100000000)
  region size 1024K, 1 young (1024K), 1 survivors (1024K)
 Metaspace       used 73097K, committed 73600K, reserved 1114112K
  class space    used 9533K, committed 9792K, reserved 1048576K
}
Event: 33.670 GC heap before
{Heap before GC invocations=30 (full 0):
 garbage-first heap   total 99328K, used 49839K [0x00000000a0c00000, 0x0000000100000000)
  region size 1024K, 4 young (4096K), 1 survivors (1024K)
 Metaspace       used 73587K, committed 74048K, reserved 1114112K
  class space    used 9627K, committed 9856K, reserved 1048576K
}
Event: 33.676 GC heap after
{Heap after GC invocations=31 (full 0):
 garbage-first heap   total 99328K, used 36850K [0x00000000a0c00000, 0x0000000100000000)
  region size 1024K, 1 young (1024K), 1 survivors (1024K)
 Metaspace       used 73587K, committed 74048K, reserved 1114112K
  class space    used 9627K, committed 9856K, reserved 1048576K
}
Event: 33.838 GC heap before
{Heap before GC invocations=31 (full 0):
 garbage-first heap   total 99328K, used 39922K [0x00000000a0c00000, 0x0000000100000000)
  region size 1024K, 4 young (4096K), 1 survivors (1024K)
 Metaspace       used 74104K, committed 74624K, reserved 1179648K
  class space    used 9717K, committed 9920K, reserved 1048576K
}

Dll operation events (10 events):
Event: 0.015 Loaded shared library C:\Users\rahul\.p2\pool\plugins\org.eclipse.justj.openjdk.hotspot.jre.full.win32.x86_64_17.0.10.v20240120-1143\jre\bin\java.dll
Event: 0.182 Loaded shared library C:\Users\rahul\.p2\pool\plugins\org.eclipse.justj.openjdk.hotspot.jre.full.win32.x86_64_17.0.10.v20240120-1143\jre\bin\net.dll
Event: 0.186 Loaded shared library C:\Users\rahul\.p2\pool\plugins\org.eclipse.justj.openjdk.hotspot.jre.full.win32.x86_64_17.0.10.v20240120-1143\jre\bin\nio.dll
Event: 0.199 Loaded shared library C:\Users\rahul\.p2\pool\plugins\org.eclipse.justj.openjdk.hotspot.jre.full.win32.x86_64_17.0.10.v20240120-1143\jre\bin\zip.dll
Event: 0.366 Loaded shared library C:\Users\rahul\.p2\pool\plugins\org.eclipse.justj.openjdk.hotspot.jre.full.win32.x86_64_17.0.10.v20240120-1143\jre\bin\management.dll
Event: 0.380 Loaded shared library C:\Users\rahul\.p2\pool\plugins\org.eclipse.justj.openjdk.hotspot.jre.full.win32.x86_64_17.0.10.v20240120-1143\jre\bin\management_ext.dll
Event: 0.428 Loaded shared library C:\Users\rahul\.p2\pool\plugins\org.eclipse.justj.openjdk.hotspot.jre.full.win32.x86_64_17.0.10.v20240120-1143\jre\bin\jimage.dll
Event: 1.750 Loaded shared library C:\Users\rahul\.p2\pool\plugins\org.eclipse.justj.openjdk.hotspot.jre.full.win32.x86_64_17.0.10.v20240120-1143\jre\bin\verify.dll
Event: 4.528 Loaded shared library C:\Users\rahul\.p2\pool\plugins\org.eclipse.justj.openjdk.hotspot.jre.full.win32.x86_64_17.0.10.v20240120-1143\jre\bin\sunmscapi.dll
Event: 11.413 Loaded shared library C:\Users\rahul\.p2\pool\plugins\org.eclipse.justj.openjdk.hotspot.jre.full.win32.x86_64_17.0.10.v20240120-1143\jre\bin\extnet.dll

Deoptimization events (20 events):
Event: 33.649 Thread 0x00000286cc339630 Uncommon trap: trap_request=0xffffffde fr.pc=0x00000286d7647df8 relative=0x00000000000000d8
Event: 33.649 Thread 0x00000286cc339630 Uncommon trap: reason=class_check action=maybe_recompile pc=0x00000286d7647df8 method=org.springframework.util.ConcurrentReferenceHashMap.get(Ljava/lang/Object;)Ljava/lang/Object; @ 14 c2
Event: 33.649 Thread 0x00000286cc339630 DEOPT PACKING pc=0x00000286d7647df8 sp=0x000000b7a4ff9460
Event: 33.649 Thread 0x00000286cc339630 DEOPT UNPACKING pc=0x00000286d6f869a3 sp=0x000000b7a4ff93f0 mode 2
Event: 33.649 Thread 0x00000286cc339630 Uncommon trap: trap_request=0xffffffde fr.pc=0x00000286d768558c relative=0x0000000000000bac
Event: 33.649 Thread 0x00000286cc339630 Uncommon trap: reason=class_check action=maybe_recompile pc=0x00000286d768558c method=org.springframework.util.ConcurrentReferenceHashMap$Segment.findInChain(Lorg/springframework/util/ConcurrentReferenceHashMap$Reference;Ljava/lang/Object;I)Lorg/springfra
Event: 33.649 Thread 0x00000286cc339630 DEOPT PACKING pc=0x00000286d768558c sp=0x000000b7a4ff93d0
Event: 33.649 Thread 0x00000286cc339630 DEOPT UNPACKING pc=0x00000286d6f869a3 sp=0x000000b7a4ff9290 mode 2
Event: 33.649 Thread 0x00000286cc339630 Uncommon trap: trap_request=0xffffffde fr.pc=0x00000286d7647df8 relative=0x00000000000000d8
Event: 33.649 Thread 0x00000286cc339630 Uncommon trap: reason=class_check action=maybe_recompile pc=0x00000286d7647df8 method=org.springframework.util.ConcurrentReferenceHashMap.get(Ljava/lang/Object;)Ljava/lang/Object; @ 14 c2
Event: 33.649 Thread 0x00000286cc339630 DEOPT PACKING pc=0x00000286d7647df8 sp=0x000000b7a4ff9460
Event: 33.649 Thread 0x00000286cc339630 DEOPT UNPACKING pc=0x00000286d6f869a3 sp=0x000000b7a4ff93f0 mode 2
Event: 33.650 Thread 0x00000286cc339630 Uncommon trap: trap_request=0xffffffde fr.pc=0x00000286d7686bf0 relative=0x0000000000000910
Event: 33.650 Thread 0x00000286cc339630 Uncommon trap: reason=class_check action=maybe_recompile pc=0x00000286d7686bf0 method=org.springframework.util.ConcurrentReferenceHashMap$Segment.findInChain(Lorg/springframework/util/ConcurrentReferenceHashMap$Reference;Ljava/lang/Object;I)Lorg/springfra
Event: 33.650 Thread 0x00000286cc339630 DEOPT PACKING pc=0x00000286d7686bf0 sp=0x000000b7a4ff9300
Event: 33.650 Thread 0x00000286cc339630 DEOPT UNPACKING pc=0x00000286d6f869a3 sp=0x000000b7a4ff9248 mode 2
Event: 33.650 Thread 0x00000286cc339630 Uncommon trap: trap_request=0xffffffde fr.pc=0x00000286d7689830 relative=0x0000000000000470
Event: 33.651 Thread 0x00000286cc339630 Uncommon trap: reason=class_check action=maybe_recompile pc=0x00000286d7689830 method=org.springframework.util.ConcurrentReferenceHashMap$Segment.findInChain(Lorg/springframework/util/ConcurrentReferenceHashMap$Reference;Ljava/lang/Object;I)Lorg/springfra
Event: 33.651 Thread 0x00000286cc339630 DEOPT PACKING pc=0x00000286d7689830 sp=0x000000b7a4ff9290
Event: 33.651 Thread 0x00000286cc339630 DEOPT UNPACKING pc=0x00000286d6f869a3 sp=0x000000b7a4ff9248 mode 2

Classes unloaded (0 events):
No events

Classes redefined (0 events):
No events

Internal exceptions (20 events):
Event: 20.596 Thread 0x00000286cc339630 Exception <a 'java/lang/NoSuchMethodError'{0x00000000a3b8c688}: 'java.lang.Object java.lang.invoke.DirectMethodHandle$Holder.newInvokeSpecial(java.lang.Object, java.lang.Object, int)'> (0x00000000a3b8c688) 
thrown [s\src\hotspot\share\interpreter\linkResolver.cpp, line 759]
Event: 20.597 Thread 0x00000286cc339630 Exception <a 'java/lang/NoSuchMethodError'{0x00000000a3b92c90}: 'void java.lang.invoke.DirectMethodHandle$Holder.invokeStatic(java.lang.Object, java.lang.Object, java.lang.Object, java.lang.Object, int, java.lang.Object)'> (0x00000000a3b92c90) 
thrown [s\src\hotspot\share\interpreter\linkResolver.cpp, line 759]
Event: 20.666 Thread 0x00000286cc339630 Exception <a 'java/lang/NoSuchMethodError'{0x00000000a391fb18}: 'int java.lang.invoke.DirectMethodHandle$Holder.invokeStatic(java.lang.Object, int, java.lang.Object)'> (0x00000000a391fb18) 
thrown [s\src\hotspot\share\interpreter\linkResolver.cpp, line 759]
Event: 20.672 Thread 0x00000286cc339630 Exception <a 'java/lang/NoSuchMethodError'{0x00000000a3941e80}: 'java.lang.Object java.lang.invoke.DirectMethodHandle$Holder.newInvokeSpecial(java.lang.Object, java.lang.Object, java.lang.Object, java.lang.Object, java.lang.Object, int, java.lang.Object)'> (0x00000000a3941e80) 
thrown [s\src\hotspot\share\interpreter\linkResolver.cpp, line 759]
Event: 20.682 Thread 0x00000286cc339630 Exception <a 'java/lang/NoSuchMethodError'{0x00000000a3989768}: 'java.lang.Object java.lang.invoke.DirectMethodHandle$Holder.newInvokeSpecial(java.lang.Object, java.lang.Object, java.lang.Object, java.lang.Object, java.lang.Object, java.lang.Object, java.lang.Object, java.lang.Object, java.lang.Object, java.lang.Object, java.lang.Object, java.lang.Object)'> (0x00000000a3989768) 
thrown [s\src\hotspot\share\interpreter\linkResolver.cpp, line 759]
Event: 20.683 Thread 0x00000286cc339630 Exception <a 'java/lang/NoSuchMethodError'{0x00000000a398e9f8}: 'java.lang.Object java.lang.invoke.DirectMethodHandle$Holder.invokeSpecial(java.lang.Object, java.lang.Object, java.lang.Object, java.lang.Object, java.lang.Object, java.lang.Object, java.lang.Object, java.lang.Object, java.lang.Object, java.lang.Object, java.lang.Object, java.lang.Object, java.lang.Object)'> (0x00000000a398e9f8) 
thrown [s\src\hotspot\share\interpreter\linkResolver.cpp, line 759]
Event: 20.683 Thread 0x00000286cc339630 Exception <a 'java/lang/NoSuchMethodError'{0x00000000a3993908}: 'java.lang.Object java.lang.invoke.Invokers$Holder.linkToTargetMethod(java.lang.Object, java.lang.Object, java.lang.Object, java.lang.Object, java.lang.Object, java.lang.Object, java.lang.Object, java.lang.Object, java.lang.Object, java.lang.Object, java.lang.Object, java.lang.Object)'> (0x00000000a3993908) 
thrown [s\src\hotspot\share\interpreter\linkResolver.cpp, line 759]
Event: 20.791 Thread 0x00000286cc339630 Exception <a 'java/lang/NoSuchMethodError'{0x00000000a37d8488}: 'java.lang.Object java.lang.invoke.DirectMethodHandle$Holder.newInvokeSpecial(java.lang.Object, java.lang.Object, java.lang.Object, java.lang.Object, java.lang.Object, java.lang.Object, java.lang.Object, int)'> (0x00000000a37d8488) 
thrown [s\src\hotspot\share\interpreter\linkResolver.cpp, line 759]
Event: 20.792 Thread 0x00000286cc339630 Exception <a 'java/lang/NoSuchMethodError'{0x00000000a37ddc78}: 'java.lang.Object java.lang.invoke.DirectMethodHandle$Holder.invokeSpecial(java.lang.Object, java.lang.Object, java.lang.Object, java.lang.Object, java.lang.Object, java.lang.Object, java.lang.Object, java.lang.Object, int)'> (0x00000000a37ddc78) 
thrown [s\src\hotspot\share\interpreter\linkResolver.cpp, line 759]
Event: 20.792 Thread 0x00000286cc339630 Exception <a 'java/lang/NoSuchMethodError'{0x00000000a37e2f38}: 'java.lang.Object java.lang.invoke.Invokers$Holder.linkToTargetMethod(java.lang.Object, java.lang.Object, java.lang.Object, java.lang.Object, java.lang.Object, java.lang.Object, int, java.lang.Object)'> (0x00000000a37e2f38) 
thrown [s\src\hotspot\share\interpreter\linkResolver.cpp, line 759]
Event: 22.200 Thread 0x00000286cc339630 Exception <a 'java/lang/NoSuchMethodError'{0x00000000a3f81a48}: 'java.lang.Object java.lang.invoke.DirectMethodHandle$Holder.invokeSpecial(java.lang.Object, java.lang.Object, long, java.lang.Object, java.lang.Object, java.lang.Object, java.lang.Object, java.lang.Object, java.lang.Object, java.lang.Object, java.lang.Object, java.lang.Object)'> (0x00000000a3f81a48) 
thrown [s\src\hotspot\share\interpreter\linkResolver.cpp, line 759]
Event: 22.200 Thread 0x00000286cc339630 Exception <a 'java/lang/NoSuchMethodError'{0x00000000a3f86788}: 'java.lang.Object java.lang.invoke.DelegatingMethodHandle$Holder.reinvoke_L(java.lang.Object, long, java.lang.Object, java.lang.Object, java.lang.Object, java.lang.Object, java.lang.Object, java.lang.Object, java.lang.Object, java.lang.Object, java.lang.Object)'> (0x00000000a3f86788) 
thrown [s\src\hotspot\share\interpreter\linkResolver.cpp, line 759]
Event: 22.207 Thread 0x00000286cc339630 Exception <a 'java/lang/NoSuchMethodError'{0x00000000a3fb4a10}: 'java.lang.Object java.lang.invoke.DirectMethodHandle$Holder.invokeSpecial(java.lang.Object, java.lang.Object, java.lang.Object, java.lang.Object, java.lang.Object, java.lang.Object, java.lang.Object, java.lang.Object, java.lang.Object, java.lang.Object, java.lang.Object)'> (0x00000000a3fb4a10) 
thrown [s\src\hotspot\share\interpreter\linkResolver.cpp, line 759]
Event: 22.208 Thread 0x00000286cc339630 Exception <a 'java/lang/NoSuchMethodError'{0x00000000a3fb9888}: 'java.lang.Object java.lang.invoke.Invokers$Holder.linkToTargetMethod(java.lang.Object, java.lang.Object, java.lang.Object, java.lang.Object, java.lang.Object, java.lang.Object, java.lang.Object, java.lang.Object, java.lang.Object, java.lang.Object)'> (0x00000000a3fb9888) 
thrown [s\src\hotspot\share\interpreter\linkResolver.cpp, line 759]
Event: 22.324 Thread 0x00000286cc339630 Implicit null exception at 0x00000286d759d5cf to 0x00000286d75a1344
Event: 28.864 Thread 0x00000286cc339630 Implicit null exception at 0x00000286d763234a to 0x00000286d7632b7a
Event: 31.247 Thread 0x00000286cc339630 Exception <a 'java/lang/IncompatibleClassChangeError'{0x00000000a62c6ff8}: Found class java.lang.Object, but interface was expected> (0x00000000a62c6ff8) 
thrown [s\src\hotspot\share\interpreter\linkResolver.cpp, line 826]
Event: 31.355 Thread 0x00000286cc339630 Exception <a 'java/lang/IncompatibleClassChangeError'{0x00000000a6157228}: Found class java.lang.Object, but interface was expected> (0x00000000a6157228) 
thrown [s\src\hotspot\share\interpreter\linkResolver.cpp, line 826]
Event: 31.909 Thread 0x00000286cc339630 Exception <a 'java/lang/IncompatibleClassChangeError'{0x00000000a5f46be0}: Found class java.lang.Object, but interface was expected> (0x00000000a5f46be0) 
thrown [s\src\hotspot\share\interpreter\linkResolver.cpp, line 826]
Event: 33.745 Thread 0x00000286cc339630 Exception <a 'java/lang/IncompatibleClassChangeError'{0x00000000a6a27138}: Found class java.lang.Object, but interface was expected> (0x00000000a6a27138) 
thrown [s\src\hotspot\share\interpreter\linkResolver.cpp, line 826]

VM Operations (20 events):
Event: 30.252 Executing VM operation: G1PauseRemark done
Event: 30.266 Executing VM operation: G1PauseCleanup
Event: 30.266 Executing VM operation: G1PauseCleanup done
Event: 30.294 Executing VM operation: HandshakeAllThreads
Event: 30.294 Executing VM operation: HandshakeAllThreads done
Event: 30.713 Executing VM operation: HandshakeAllThreads
Event: 30.713 Executing VM operation: HandshakeAllThreads done
Event: 31.722 Executing VM operation: Cleanup
Event: 31.723 Executing VM operation: Cleanup done
Event: 32.723 Executing VM operation: Cleanup
Event: 32.723 Executing VM operation: Cleanup done
Event: 33.293 Executing VM operation: G1CollectForAllocation
Event: 33.297 Executing VM operation: G1CollectForAllocation done
Event: 33.632 Executing VM operation: HandshakeAllThreads
Event: 33.632 Executing VM operation: HandshakeAllThreads done
Event: 33.670 Executing VM operation: G1CollectForAllocation
Event: 33.676 Executing VM operation: G1CollectForAllocation done
Event: 33.776 Executing VM operation: HandshakeAllThreads
Event: 33.776 Executing VM operation: HandshakeAllThreads done
Event: 33.838 Executing VM operation: G1CollectForAllocation

Events (20 events):
Event: 30.301 loading class java/security/interfaces/ECPrivateKey done
Event: 30.821 loading class java/lang/SafeVarargs
Event: 30.821 loading class java/lang/SafeVarargs done
Event: 30.823 loading class sun/reflect/generics/reflectiveObjects/GenericArrayTypeImpl
Event: 30.824 loading class sun/reflect/generics/reflectiveObjects/GenericArrayTypeImpl done
Event: 31.240 loading class java/util/concurrent/ConcurrentHashMap$TreeNode
Event: 31.240 loading class java/util/concurrent/ConcurrentHashMap$TreeNode done
Event: 31.240 loading class java/util/concurrent/ConcurrentHashMap$TreeBin
Event: 31.246 loading class java/util/concurrent/ConcurrentHashMap$TreeBin done
Event: 32.423 Thread 0x00000286ea789b90 Thread added: 0x00000286ea789b90
Event: 33.300 Thread 0x00000286ea789b90 Thread exited: 0x00000286ea789b90
Event: 33.651 Thread 0x00000286ea789b90 Thread added: 0x00000286ea789b90
Event: 33.762 loading class java/lang/Package$1PackageInfoProxy
Event: 33.762 loading class java/lang/Package$1PackageInfoProxy done
Event: 33.807 loading class java/util/stream/ReduceOps$5
Event: 33.807 loading class java/util/stream/ReduceOps$5 done
Event: 33.807 loading class java/util/stream/ReduceOps$CountingSink$OfRef
Event: 33.808 loading class java/util/stream/ReduceOps$CountingSink
Event: 33.808 loading class java/util/stream/ReduceOps$CountingSink done
Event: 33.808 loading class java/util/stream/ReduceOps$CountingSink$OfRef done


Dynamic libraries:
0x00007ff673c40000 - 0x00007ff673c4e000 	C:\Users\rahul\.p2\pool\plugins\org.eclipse.justj.openjdk.hotspot.jre.full.win32.x86_64_17.0.10.v20240120-1143\jre\bin\java.exe
0x00007ff9ee230000 - 0x00007ff9ee447000 	C:\WINDOWS\SYSTEM32\ntdll.dll
0x00007ff9ece30000 - 0x00007ff9ecef4000 	C:\WINDOWS\System32\KERNEL32.DLL
0x00007ff9eb960000 - 0x00007ff9ebd0d000 	C:\WINDOWS\System32\KERNELBASE.dll
0x00007ff9ebe50000 - 0x00007ff9ebf61000 	C:\WINDOWS\System32\ucrtbase.dll
0x00007ff9db9c0000 - 0x00007ff9db9db000 	C:\Users\rahul\.p2\pool\plugins\org.eclipse.justj.openjdk.hotspot.jre.full.win32.x86_64_17.0.10.v20240120-1143\jre\bin\VCRUNTIME140.dll
0x00007ff9e5820000 - 0x00007ff9e5837000 	C:\Users\rahul\.p2\pool\plugins\org.eclipse.justj.openjdk.hotspot.jre.full.win32.x86_64_17.0.10.v20240120-1143\jre\bin\jli.dll
0x00007ff9d7420000 - 0x00007ff9d76b3000 	C:\WINDOWS\WinSxS\amd64_microsoft.windows.common-controls_6595b64144ccf1df_6.0.22621.3672_none_2713b9d173822955\COMCTL32.dll
0x00007ff9ecf00000 - 0x00007ff9ed0ae000 	C:\WINDOWS\System32\USER32.dll
0x00007ff9ec150000 - 0x00007ff9ec1f7000 	C:\WINDOWS\System32\msvcrt.dll
0x00007ff9ebd10000 - 0x00007ff9ebd36000 	C:\WINDOWS\System32\win32u.dll
0x00007ff9ec200000 - 0x00007ff9ec229000 	C:\WINDOWS\System32\GDI32.dll
0x00007ff9eb840000 - 0x00007ff9eb959000 	C:\WINDOWS\System32\gdi32full.dll
0x00007ff9ebd40000 - 0x00007ff9ebdda000 	C:\WINDOWS\System32\msvcp_win.dll
0x00007ff9ed290000 - 0x00007ff9ed2c1000 	C:\WINDOWS\System32\IMM32.DLL
0x00007ff9e8260000 - 0x00007ff9e826c000 	C:\Users\rahul\.p2\pool\plugins\org.eclipse.justj.openjdk.hotspot.jre.full.win32.x86_64_17.0.10.v20240120-1143\jre\bin\vcruntime140_1.dll
0x00007ff9b3ed0000 - 0x00007ff9b3f5d000 	C:\Users\rahul\.p2\pool\plugins\org.eclipse.justj.openjdk.hotspot.jre.full.win32.x86_64_17.0.10.v20240120-1143\jre\bin\msvcp140.dll
0x00007ff92ad00000 - 0x00007ff92b962000 	C:\Users\rahul\.p2\pool\plugins\org.eclipse.justj.openjdk.hotspot.jre.full.win32.x86_64_17.0.10.v20240120-1143\jre\bin\server\jvm.dll
0x00007ff9ed2d0000 - 0x00007ff9ed382000 	C:\WINDOWS\System32\ADVAPI32.dll
0x00007ff9ed390000 - 0x00007ff9ed439000 	C:\WINDOWS\System32\sechost.dll
0x00007ff9eb810000 - 0x00007ff9eb838000 	C:\WINDOWS\System32\bcrypt.dll
0x00007ff9edf00000 - 0x00007ff9ee014000 	C:\WINDOWS\System32\RPCRT4.dll
0x00007ff9cf080000 - 0x00007ff9cf089000 	C:\WINDOWS\SYSTEM32\WSOCK32.dll
0x00007ff9eb420000 - 0x00007ff9eb46d000 	C:\WINDOWS\SYSTEM32\POWRPROF.dll
0x00007ff9ec5c0000 - 0x00007ff9ec631000 	C:\WINDOWS\System32\WS2_32.dll
0x00007ff9e71b0000 - 0x00007ff9e71ba000 	C:\WINDOWS\SYSTEM32\VERSION.dll
0x00007ff9e3490000 - 0x00007ff9e34c4000 	C:\WINDOWS\SYSTEM32\WINMM.dll
0x00007ff9eb400000 - 0x00007ff9eb413000 	C:\WINDOWS\SYSTEM32\UMPDC.dll
0x00007ff9ea4f0000 - 0x00007ff9ea508000 	C:\WINDOWS\SYSTEM32\kernel.appcore.dll
0x00007ff9e7070000 - 0x00007ff9e707a000 	C:\Users\rahul\.p2\pool\plugins\org.eclipse.justj.openjdk.hotspot.jre.full.win32.x86_64_17.0.10.v20240120-1143\jre\bin\jimage.dll
0x00007ff9e88a0000 - 0x00007ff9e8ad2000 	C:\WINDOWS\SYSTEM32\DBGHELP.DLL
0x00007ff9ec230000 - 0x00007ff9ec5b8000 	C:\WINDOWS\System32\combase.dll
0x00007ff9ebf70000 - 0x00007ff9ec047000 	C:\WINDOWS\System32\OLEAUT32.dll
0x00007ff9d3030000 - 0x00007ff9d3062000 	C:\WINDOWS\SYSTEM32\dbgcore.DLL
0x00007ff9eb560000 - 0x00007ff9eb5db000 	C:\WINDOWS\System32\bcryptPrimitives.dll
0x00007ff9d4eb0000 - 0x00007ff9d4ed5000 	C:\Users\rahul\.p2\pool\plugins\org.eclipse.justj.openjdk.hotspot.jre.full.win32.x86_64_17.0.10.v20240120-1143\jre\bin\java.dll
0x00007ff9d5180000 - 0x00007ff9d5198000 	C:\Users\rahul\.p2\pool\plugins\org.eclipse.justj.openjdk.hotspot.jre.full.win32.x86_64_17.0.10.v20240120-1143\jre\bin\zip.dll
0x00007ff9ed440000 - 0x00007ff9edc9f000 	C:\WINDOWS\System32\SHELL32.dll
0x00007ff9e9460000 - 0x00007ff9e9d5c000 	C:\WINDOWS\SYSTEM32\windows.storage.dll
0x00007ff9e9320000 - 0x00007ff9e945f000 	C:\WINDOWS\SYSTEM32\wintypes.dll
0x00007ff9ed0b0000 - 0x00007ff9ed1a4000 	C:\WINDOWS\System32\SHCORE.dll
0x00007ff9ee190000 - 0x00007ff9ee1ee000 	C:\WINDOWS\System32\shlwapi.dll
0x00007ff9eb490000 - 0x00007ff9eb4b1000 	C:\WINDOWS\SYSTEM32\profapi.dll
0x00007ff9c7780000 - 0x00007ff9c7799000 	C:\Users\rahul\.p2\pool\plugins\org.eclipse.justj.openjdk.hotspot.jre.full.win32.x86_64_17.0.10.v20240120-1143\jre\bin\net.dll
0x00007ff9e6050000 - 0x00007ff9e6186000 	C:\WINDOWS\SYSTEM32\WINHTTP.dll
0x00007ff9ea9c0000 - 0x00007ff9eaa29000 	C:\WINDOWS\system32\mswsock.dll
0x00007ff9c3b60000 - 0x00007ff9c3b76000 	C:\Users\rahul\.p2\pool\plugins\org.eclipse.justj.openjdk.hotspot.jre.full.win32.x86_64_17.0.10.v20240120-1143\jre\bin\nio.dll
0x00007ff9e7040000 - 0x00007ff9e7049000 	C:\Users\rahul\.p2\pool\plugins\org.eclipse.justj.openjdk.hotspot.jre.full.win32.x86_64_17.0.10.v20240120-1143\jre\bin\management.dll
0x00007ff9e3cc0000 - 0x00007ff9e3ccb000 	C:\Users\rahul\.p2\pool\plugins\org.eclipse.justj.openjdk.hotspot.jre.full.win32.x86_64_17.0.10.v20240120-1143\jre\bin\management_ext.dll
0x00007ff9ee180000 - 0x00007ff9ee188000 	C:\WINDOWS\System32\PSAPI.DLL
0x00007ff9e3030000 - 0x00007ff9e3040000 	C:\Users\rahul\.p2\pool\plugins\org.eclipse.justj.openjdk.hotspot.jre.full.win32.x86_64_17.0.10.v20240120-1143\jre\bin\verify.dll
0x00007ff9dba70000 - 0x00007ff9dba7e000 	C:\Users\rahul\.p2\pool\plugins\org.eclipse.justj.openjdk.hotspot.jre.full.win32.x86_64_17.0.10.v20240120-1143\jre\bin\sunmscapi.dll
0x00007ff9eb6a0000 - 0x00007ff9eb807000 	C:\WINDOWS\System32\CRYPT32.dll
0x00007ff9eae20000 - 0x00007ff9eae4e000 	C:\WINDOWS\SYSTEM32\ncrypt.dll
0x00007ff9eade0000 - 0x00007ff9eae17000 	C:\WINDOWS\SYSTEM32\NTASN1.dll
0x00007ff9eabf0000 - 0x00007ff9eac0b000 	C:\WINDOWS\SYSTEM32\CRYPTSP.dll
0x00007ff9ea4b0000 - 0x00007ff9ea4e5000 	C:\WINDOWS\system32\rsaenh.dll
0x00007ff9eaa80000 - 0x00007ff9eaaa8000 	C:\WINDOWS\SYSTEM32\USERENV.dll
0x00007ff9eabe0000 - 0x00007ff9eabec000 	C:\WINDOWS\SYSTEM32\CRYPTBASE.dll
0x00007ff9e9fc0000 - 0x00007ff9e9fed000 	C:\WINDOWS\SYSTEM32\IPHLPAPI.DLL
0x00007ff9edef0000 - 0x00007ff9edef9000 	C:\WINDOWS\System32\NSI.dll
0x00007ff9e6250000 - 0x00007ff9e6269000 	C:\WINDOWS\SYSTEM32\dhcpcsvc6.DLL
0x00007ff9e6230000 - 0x00007ff9e624f000 	C:\WINDOWS\SYSTEM32\dhcpcsvc.DLL
0x00007ff9e9ff0000 - 0x00007ff9ea0e8000 	C:\WINDOWS\SYSTEM32\DNSAPI.dll
0x00007ff9e33a0000 - 0x00007ff9e33aa000 	C:\Windows\System32\rasadhlp.dll
0x00007ff9e3790000 - 0x00007ff9e3813000 	C:\WINDOWS\System32\fwpuclnt.dll
0x00007ff9dbbe0000 - 0x00007ff9dbbe9000 	C:\Users\rahul\.p2\pool\plugins\org.eclipse.justj.openjdk.hotspot.jre.full.win32.x86_64_17.0.10.v20240120-1143\jre\bin\extnet.dll
0x00007ff9c9fb0000 - 0x00007ff9c9fc7000 	C:\WINDOWS\system32\napinsp.dll
0x00007ff9c9f30000 - 0x00007ff9c9f4b000 	C:\WINDOWS\system32\pnrpnsp.dll
0x00007ff9c9f10000 - 0x00007ff9c9f21000 	C:\WINDOWS\System32\winrnr.dll
0x00007ff9e5a40000 - 0x00007ff9e5a55000 	C:\WINDOWS\system32\wshbth.dll
0x00007ff9c9e80000 - 0x00007ff9c9ea7000 	C:\WINDOWS\system32\nlansp_c.dll

dbghelp: loaded successfully - version: 4.0.5 - missing functions: none
symbol engine: initialized successfully - sym options: 0x614 - pdb path: .;C:\Users\rahul\.p2\pool\plugins\org.eclipse.justj.openjdk.hotspot.jre.full.win32.x86_64_17.0.10.v20240120-1143\jre\bin;C:\WINDOWS\SYSTEM32;C:\WINDOWS\WinSxS\amd64_microsoft.windows.common-controls_6595b64144ccf1df_6.0.22621.3672_none_2713b9d173822955;C:\Users\rahul\.p2\pool\plugins\org.eclipse.justj.openjdk.hotspot.jre.full.win32.x86_64_17.0.10.v20240120-1143\jre\bin\server

VM Arguments:
java_command: C:\Users\rahul\AppData\Local\Temp\surefire8971254533420482286\surefirebooter-20240730154647126_3.jar C:\Users\rahul\AppData\Local\Temp\surefire8971254533420482286 2024-07-30T15-46-46_694-jvmRun1 surefire-20240730154647126_1tmp surefire_0-20240730154647126_2tmp
java_class_path (initial): C:\Users\rahul\AppData\Local\Temp\surefire8971254533420482286\surefirebooter-20240730154647126_3.jar
Launcher Type: SUN_STANDARD

[Global flags]
     intx CICompilerCount                          = 4                                         {product} {ergonomic}
     uint ConcGCThreads                            = 2                                         {product} {ergonomic}
     uint G1ConcRefinementThreads                  = 8                                         {product} {ergonomic}
   size_t G1HeapRegionSize                         = 1048576                                   {product} {ergonomic}
    uintx GCDrainStackTargetSize                   = 64                                        {product} {ergonomic}
   size_t InitialHeapSize                          = 100663296                                 {product} {ergonomic}
   size_t MarkStackSize                            = 4194304                                   {product} {ergonomic}
   size_t MaxHeapSize                              = 1598029824                                {product} {ergonomic}
   size_t MaxNewSize                               = 958398464                                 {product} {ergonomic}
   size_t MinHeapDeltaBytes                        = 1048576                                   {product} {ergonomic}
   size_t MinHeapSize                              = 8388608                                   {product} {ergonomic}
    uintx NonNMethodCodeHeapSize                   = 5839372                                {pd product} {ergonomic}
    uintx NonProfiledCodeHeapSize                  = 122909434                              {pd product} {ergonomic}
    uintx ProfiledCodeHeapSize                     = 122909434                              {pd product} {ergonomic}
    uintx ReservedCodeCacheSize                    = 251658240                              {pd product} {ergonomic}
     bool SegmentedCodeCache                       = true                                      {product} {ergonomic}
   size_t SoftMaxHeapSize                          = 1598029824                             {manageable} {ergonomic}
     bool UseCompressedClassPointers               = true                           {product lp64_product} {ergonomic}
     bool UseCompressedOops                        = true                           {product lp64_product} {ergonomic}
     bool UseG1GC                                  = true                                      {product} {ergonomic}
     bool UseLargePagesIndividualAllocation        = false                                  {pd product} {ergonomic}

Logging:
Log output configuration:
 #0: stdout all=warning uptime,level,tags
 #1: stderr all=off uptime,level,tags

Environment Variables:
PATH=C:/Users/rahul/.p2/pool/plugins/org.eclipse.justj.openjdk.hotspot.jre.full.win32.x86_64_17.0.10.v20240120-1143/jre/bin/server;C:/Users/rahul/.p2/pool/plugins/org.eclipse.justj.openjdk.hotspot.jre.full.win32.x86_64_17.0.10.v20240120-1143/jre/bin;C:\Program Files\jdk-21_windows-x64_bin\jdk-21.0.2\bin;C:\Users\rahul\database\oracle\WINDOWS.X64_193000_db_home\bin;C:\WINDOWS\system32;C:\WINDOWS;C:\WINDOWS\System32\Wbem;C:\WINDOWS\System32\WindowsPowerShell\v1.0\;C:\WINDOWS\System32\OpenSSH\;C:\WINDOWS\apache-maven-3.9.6-bin\apache-maven-3.9.6\bin\;C:\Program Files\nodejs\;C:\Program Files\Git\cmd;C:\Program Files\Amazon\AWSCLIV2\;C:\Users\rahul\AppData\Local\Microsoft\WindowsApps;C:\Users\rahul\Microsoft VS Code\bin;C:\Users\rahul\AppData\Roaming\npm;C:\Users\rahul\Java Learning\eclipse\jee-2023-12\eclipse;
USERNAME=rahul
OS=Windows_NT
PROCESSOR_IDENTIFIER=AMD64 Family 23 Model 24 Stepping 1, AuthenticAMD
TMP=C:\Users\rahul\AppData\Local\Temp
TEMP=C:\Users\rahul\AppData\Local\Temp



Periodic native trim disabled


---------------  S Y S T E M  ---------------

OS:
 Windows 11 , 64 bit Build 22621 (10.0.22621.3672)
OS uptime: 5 days 2:37 hours
Hyper-V role detected

CPU: total 8 (initial active 8) (8 cores per cpu, 2 threads per core) family 23 model 24 stepping 1 microcode 0x0, cx8, cmov, fxsr, ht, mmx, 3dnowpref, sse, sse2, sse3, ssse3, sse4a, sse4.1, sse4.2, popcnt, lzcnt, tsc, tscinvbit, avx, avx2, aes, clmul, bmi1, bmi2, adx, sha, fma, vzeroupper, clflush, clflushopt, hv
Processor Information for all 8 processors :
  Max Mhz: 2100, Current Mhz: 2100, Mhz Limit: 2100

Memory: 4k page, system-wide physical 6091M (508M free)
TotalPageFile size 24523M (AvailPageFile size 121M)
current process WorkingSet (physical memory assigned to process): 272M, peak: 275M
current process commit charge ("private bytes"): 316M, peak: 433M

vm_info: OpenJDK 64-Bit Server VM (17.0.10+7) for windows-amd64 JRE (17.0.10+7), built on Jan 16 2024 23:25:11 by "admin" with MS VC++ 16.10 / 16.11 (VS2019)

END.
